DEB [20240820-14:19:13.374] thr=1   paramiko.transport: starting thread (client mode): 0x9bb1a210
DEB [20240820-14:19:13.374] thr=1   paramiko.transport: Local version/idstring: SSH-2.0-paramiko_3.4.1
DEB [20240820-14:19:13.627] thr=1   paramiko.transport: Remote version/idstring: SSH-2.0-OpenSSH_8.9p1 Ubuntu-3ubuntu0.10
INF [20240820-14:19:13.627] thr=1   paramiko.transport: Connected (version 2.0, client OpenSSH_8.9p1)
DEB [20240820-14:19:13.885] thr=1   paramiko.transport: === Key exchange possibilities ===
DEB [20240820-14:19:13.886] thr=1   paramiko.transport: kex algos: curve25519-sha256, curve25519-sha256@libssh.org, ecdh-sha2-nistp256, ecdh-sha2-nistp384, ecdh-sha2-nistp521, sntrup761x25519-sha512@openssh.com, diffie-hellman-group-exchange-sha256, diffie-hellman-group16-sha512, diffie-hellman-group18-sha512, diffie-hellman-group14-sha256, kex-strict-s-v00@openssh.com
DEB [20240820-14:19:13.886] thr=1   paramiko.transport: server key: rsa-sha2-512, rsa-sha2-256, ecdsa-sha2-nistp256, ssh-ed25519
DEB [20240820-14:19:13.886] thr=1   paramiko.transport: client encrypt: chacha20-poly1305@openssh.com, aes128-ctr, aes192-ctr, aes256-ctr, aes128-gcm@openssh.com, aes256-gcm@openssh.com
DEB [20240820-14:19:13.886] thr=1   paramiko.transport: server encrypt: chacha20-poly1305@openssh.com, aes128-ctr, aes192-ctr, aes256-ctr, aes128-gcm@openssh.com, aes256-gcm@openssh.com
DEB [20240820-14:19:13.886] thr=1   paramiko.transport: client mac: umac-64-etm@openssh.com, umac-128-etm@openssh.com, hmac-sha2-256-etm@openssh.com, hmac-sha2-512-etm@openssh.com, hmac-sha1-etm@openssh.com, umac-64@openssh.com, umac-128@openssh.com, hmac-sha2-256, hmac-sha2-512, hmac-sha1
DEB [20240820-14:19:13.886] thr=1   paramiko.transport: server mac: umac-64-etm@openssh.com, umac-128-etm@openssh.com, hmac-sha2-256-etm@openssh.com, hmac-sha2-512-etm@openssh.com, hmac-sha1-etm@openssh.com, umac-64@openssh.com, umac-128@openssh.com, hmac-sha2-256, hmac-sha2-512, hmac-sha1
DEB [20240820-14:19:13.886] thr=1   paramiko.transport: client compress: none, zlib@openssh.com
DEB [20240820-14:19:13.886] thr=1   paramiko.transport: server compress: none, zlib@openssh.com
DEB [20240820-14:19:13.886] thr=1   paramiko.transport: client lang: <none>
DEB [20240820-14:19:13.886] thr=1   paramiko.transport: server lang: <none>
DEB [20240820-14:19:13.886] thr=1   paramiko.transport: kex follows: False
DEB [20240820-14:19:13.886] thr=1   paramiko.transport: === Key exchange agreements ===
DEB [20240820-14:19:13.886] thr=1   paramiko.transport: Strict kex mode: True
DEB [20240820-14:19:13.886] thr=1   paramiko.transport: Kex: curve25519-sha256@libssh.org
DEB [20240820-14:19:13.886] thr=1   paramiko.transport: HostKey: ssh-ed25519
DEB [20240820-14:19:13.886] thr=1   paramiko.transport: Cipher: aes128-ctr
DEB [20240820-14:19:13.886] thr=1   paramiko.transport: MAC: hmac-sha2-256
DEB [20240820-14:19:13.886] thr=1   paramiko.transport: Compression: none
DEB [20240820-14:19:13.886] thr=1   paramiko.transport: === End of kex handshake ===
DEB [20240820-14:19:14.166] thr=1   paramiko.transport: Resetting outbound seqno after NEWKEYS due to strict mode
DEB [20240820-14:19:14.167] thr=1   paramiko.transport: kex engine KexCurve25519 specified hash_algo <built-in function openssl_sha256>
DEB [20240820-14:19:14.167] thr=1   paramiko.transport: Switch to new keys ...
DEB [20240820-14:19:14.167] thr=1   paramiko.transport: Resetting inbound seqno after NEWKEYS due to strict mode
DEB [20240820-14:19:14.167] thr=2   paramiko.transport: Adding ssh-ed25519 host key for 192.168.10.29: b'47fbd6db0093b39e31e2e005400ceaed'
DEB [20240820-14:19:14.168] thr=1   paramiko.transport: Got EXT_INFO: {'server-sig-algs': b'ssh-ed25519,sk-ssh-ed25519@openssh.com,ssh-rsa,rsa-sha2-256,rsa-sha2-512,ssh-dss,ecdsa-sha2-nistp256,ecdsa-sha2-nistp384,ecdsa-sha2-nistp521,sk-ecdsa-sha2-nistp256@openssh.com,webauthn-sk-ecdsa-sha2-nistp256@openssh.com', 'publickey-hostbound@openssh.com': b'0'}
DEB [20240820-14:19:14.168] thr=2   paramiko.transport: Trying SSH agent key b'df63af67a5fb86eed05bd2a6c31081bc'
DEB [20240820-14:19:14.808] thr=1   paramiko.transport: userauth is OK
INF [20240820-14:19:15.259] thr=1   paramiko.transport: Authentication (publickey) failed.
DEB [20240820-14:19:15.260] thr=2   paramiko.transport: Trying SSH agent key b'39e22a5154364ab574aa7670f80a0190'
DEB [20240820-14:19:15.510] thr=1   paramiko.transport: userauth is OK
INF [20240820-14:19:15.948] thr=1   paramiko.transport: Authentication (publickey) failed.
DEB [20240820-14:19:16.446] thr=1   paramiko.transport: userauth is OK
INF [20240820-14:19:19.947] thr=1   paramiko.transport: Authentication (password) failed.
DEB [20240820-14:20:00.362] thr=1   paramiko.transport: starting thread (client mode): 0x2712c7d0
DEB [20240820-14:20:00.362] thr=1   paramiko.transport: Local version/idstring: SSH-2.0-paramiko_3.4.1
DEB [20240820-14:20:00.614] thr=1   paramiko.transport: Remote version/idstring: SSH-2.0-OpenSSH_8.9p1 Ubuntu-3ubuntu0.10
INF [20240820-14:20:00.614] thr=1   paramiko.transport: Connected (version 2.0, client OpenSSH_8.9p1)
DEB [20240820-14:20:00.872] thr=1   paramiko.transport: === Key exchange possibilities ===
DEB [20240820-14:20:00.872] thr=1   paramiko.transport: kex algos: curve25519-sha256, curve25519-sha256@libssh.org, ecdh-sha2-nistp256, ecdh-sha2-nistp384, ecdh-sha2-nistp521, sntrup761x25519-sha512@openssh.com, diffie-hellman-group-exchange-sha256, diffie-hellman-group16-sha512, diffie-hellman-group18-sha512, diffie-hellman-group14-sha256, kex-strict-s-v00@openssh.com
DEB [20240820-14:20:00.873] thr=1   paramiko.transport: server key: rsa-sha2-512, rsa-sha2-256, ecdsa-sha2-nistp256, ssh-ed25519
DEB [20240820-14:20:00.873] thr=1   paramiko.transport: client encrypt: chacha20-poly1305@openssh.com, aes128-ctr, aes192-ctr, aes256-ctr, aes128-gcm@openssh.com, aes256-gcm@openssh.com
DEB [20240820-14:20:00.873] thr=1   paramiko.transport: server encrypt: chacha20-poly1305@openssh.com, aes128-ctr, aes192-ctr, aes256-ctr, aes128-gcm@openssh.com, aes256-gcm@openssh.com
DEB [20240820-14:20:00.873] thr=1   paramiko.transport: client mac: umac-64-etm@openssh.com, umac-128-etm@openssh.com, hmac-sha2-256-etm@openssh.com, hmac-sha2-512-etm@openssh.com, hmac-sha1-etm@openssh.com, umac-64@openssh.com, umac-128@openssh.com, hmac-sha2-256, hmac-sha2-512, hmac-sha1
DEB [20240820-14:20:00.873] thr=1   paramiko.transport: server mac: umac-64-etm@openssh.com, umac-128-etm@openssh.com, hmac-sha2-256-etm@openssh.com, hmac-sha2-512-etm@openssh.com, hmac-sha1-etm@openssh.com, umac-64@openssh.com, umac-128@openssh.com, hmac-sha2-256, hmac-sha2-512, hmac-sha1
DEB [20240820-14:20:00.873] thr=1   paramiko.transport: client compress: none, zlib@openssh.com
DEB [20240820-14:20:00.873] thr=1   paramiko.transport: server compress: none, zlib@openssh.com
DEB [20240820-14:20:00.874] thr=1   paramiko.transport: client lang: <none>
DEB [20240820-14:20:00.874] thr=1   paramiko.transport: server lang: <none>
DEB [20240820-14:20:00.874] thr=1   paramiko.transport: kex follows: False
DEB [20240820-14:20:00.874] thr=1   paramiko.transport: === Key exchange agreements ===
DEB [20240820-14:20:00.874] thr=1   paramiko.transport: Strict kex mode: True
DEB [20240820-14:20:00.874] thr=1   paramiko.transport: Kex: curve25519-sha256@libssh.org
DEB [20240820-14:20:00.874] thr=1   paramiko.transport: HostKey: ssh-ed25519
DEB [20240820-14:20:00.874] thr=1   paramiko.transport: Cipher: aes128-ctr
DEB [20240820-14:20:00.874] thr=1   paramiko.transport: MAC: hmac-sha2-256
DEB [20240820-14:20:00.874] thr=1   paramiko.transport: Compression: none
DEB [20240820-14:20:00.875] thr=1   paramiko.transport: === End of kex handshake ===
DEB [20240820-14:20:01.157] thr=1   paramiko.transport: Resetting outbound seqno after NEWKEYS due to strict mode
DEB [20240820-14:20:01.157] thr=1   paramiko.transport: kex engine KexCurve25519 specified hash_algo <built-in function openssl_sha256>
DEB [20240820-14:20:01.158] thr=1   paramiko.transport: Switch to new keys ...
DEB [20240820-14:20:01.158] thr=1   paramiko.transport: Resetting inbound seqno after NEWKEYS due to strict mode
DEB [20240820-14:20:01.158] thr=1   paramiko.transport: Got EXT_INFO: {'server-sig-algs': b'ssh-ed25519,sk-ssh-ed25519@openssh.com,ssh-rsa,rsa-sha2-256,rsa-sha2-512,ssh-dss,ecdsa-sha2-nistp256,ecdsa-sha2-nistp384,ecdsa-sha2-nistp521,sk-ecdsa-sha2-nistp256@openssh.com,webauthn-sk-ecdsa-sha2-nistp256@openssh.com', 'publickey-hostbound@openssh.com': b'0'}
DEB [20240820-14:20:01.158] thr=2   paramiko.transport: Adding ssh-ed25519 host key for 192.168.10.29: b'47fbd6db0093b39e31e2e005400ceaed'
DEB [20240820-14:20:01.159] thr=2   paramiko.transport: Trying SSH agent key b'df63af67a5fb86eed05bd2a6c31081bc'
DEB [20240820-14:20:01.747] thr=1   paramiko.transport: userauth is OK
INF [20240820-14:20:02.005] thr=1   paramiko.transport: Authentication (publickey) failed.
DEB [20240820-14:20:02.006] thr=2   paramiko.transport: Trying SSH agent key b'39e22a5154364ab574aa7670f80a0190'
DEB [20240820-14:20:02.257] thr=1   paramiko.transport: userauth is OK
INF [20240820-14:20:02.553] thr=1   paramiko.transport: Authentication (publickey) failed.
DEB [20240820-14:20:02.920] thr=1   paramiko.transport: userauth is OK
INF [20240820-14:20:06.449] thr=1   paramiko.transport: Authentication (password) failed.
DEB [20240820-14:20:51.877] thr=1   paramiko.transport: starting thread (client mode): 0x37718b10
DEB [20240820-14:20:51.878] thr=1   paramiko.transport: Local version/idstring: SSH-2.0-paramiko_3.4.1
DEB [20240820-14:20:52.130] thr=1   paramiko.transport: Remote version/idstring: SSH-2.0-OpenSSH_8.9p1 Ubuntu-3ubuntu0.10
INF [20240820-14:20:52.131] thr=1   paramiko.transport: Connected (version 2.0, client OpenSSH_8.9p1)
DEB [20240820-14:20:52.388] thr=1   paramiko.transport: === Key exchange possibilities ===
DEB [20240820-14:20:52.388] thr=1   paramiko.transport: kex algos: curve25519-sha256, curve25519-sha256@libssh.org, ecdh-sha2-nistp256, ecdh-sha2-nistp384, ecdh-sha2-nistp521, sntrup761x25519-sha512@openssh.com, diffie-hellman-group-exchange-sha256, diffie-hellman-group16-sha512, diffie-hellman-group18-sha512, diffie-hellman-group14-sha256, kex-strict-s-v00@openssh.com
DEB [20240820-14:20:52.388] thr=1   paramiko.transport: server key: rsa-sha2-512, rsa-sha2-256, ecdsa-sha2-nistp256, ssh-ed25519
DEB [20240820-14:20:52.388] thr=1   paramiko.transport: client encrypt: chacha20-poly1305@openssh.com, aes128-ctr, aes192-ctr, aes256-ctr, aes128-gcm@openssh.com, aes256-gcm@openssh.com
DEB [20240820-14:20:52.389] thr=1   paramiko.transport: server encrypt: chacha20-poly1305@openssh.com, aes128-ctr, aes192-ctr, aes256-ctr, aes128-gcm@openssh.com, aes256-gcm@openssh.com
DEB [20240820-14:20:52.389] thr=1   paramiko.transport: client mac: umac-64-etm@openssh.com, umac-128-etm@openssh.com, hmac-sha2-256-etm@openssh.com, hmac-sha2-512-etm@openssh.com, hmac-sha1-etm@openssh.com, umac-64@openssh.com, umac-128@openssh.com, hmac-sha2-256, hmac-sha2-512, hmac-sha1
DEB [20240820-14:20:52.389] thr=1   paramiko.transport: server mac: umac-64-etm@openssh.com, umac-128-etm@openssh.com, hmac-sha2-256-etm@openssh.com, hmac-sha2-512-etm@openssh.com, hmac-sha1-etm@openssh.com, umac-64@openssh.com, umac-128@openssh.com, hmac-sha2-256, hmac-sha2-512, hmac-sha1
DEB [20240820-14:20:52.389] thr=1   paramiko.transport: client compress: none, zlib@openssh.com
DEB [20240820-14:20:52.389] thr=1   paramiko.transport: server compress: none, zlib@openssh.com
DEB [20240820-14:20:52.389] thr=1   paramiko.transport: client lang: <none>
DEB [20240820-14:20:52.389] thr=1   paramiko.transport: server lang: <none>
DEB [20240820-14:20:52.389] thr=1   paramiko.transport: kex follows: False
DEB [20240820-14:20:52.389] thr=1   paramiko.transport: === Key exchange agreements ===
DEB [20240820-14:20:52.389] thr=1   paramiko.transport: Strict kex mode: True
DEB [20240820-14:20:52.389] thr=1   paramiko.transport: Kex: curve25519-sha256@libssh.org
DEB [20240820-14:20:52.389] thr=1   paramiko.transport: HostKey: ssh-ed25519
DEB [20240820-14:20:52.389] thr=1   paramiko.transport: Cipher: aes128-ctr
DEB [20240820-14:20:52.389] thr=1   paramiko.transport: MAC: hmac-sha2-256
DEB [20240820-14:20:52.389] thr=1   paramiko.transport: Compression: none
DEB [20240820-14:20:52.389] thr=1   paramiko.transport: === End of kex handshake ===
DEB [20240820-14:20:52.697] thr=1   paramiko.transport: Resetting outbound seqno after NEWKEYS due to strict mode
DEB [20240820-14:20:52.697] thr=1   paramiko.transport: kex engine KexCurve25519 specified hash_algo <built-in function openssl_sha256>
DEB [20240820-14:20:52.698] thr=1   paramiko.transport: Switch to new keys ...
DEB [20240820-14:20:52.698] thr=1   paramiko.transport: Resetting inbound seqno after NEWKEYS due to strict mode
DEB [20240820-14:20:52.699] thr=1   paramiko.transport: Got EXT_INFO: {'server-sig-algs': b'ssh-ed25519,sk-ssh-ed25519@openssh.com,ssh-rsa,rsa-sha2-256,rsa-sha2-512,ssh-dss,ecdsa-sha2-nistp256,ecdsa-sha2-nistp384,ecdsa-sha2-nistp521,sk-ecdsa-sha2-nistp256@openssh.com,webauthn-sk-ecdsa-sha2-nistp256@openssh.com', 'publickey-hostbound@openssh.com': b'0'}
DEB [20240820-14:20:52.699] thr=2   paramiko.transport: Adding ssh-ed25519 host key for 192.168.10.29: b'47fbd6db0093b39e31e2e005400ceaed'
DEB [20240820-14:20:52.701] thr=2   paramiko.transport: Trying SSH agent key b'df63af67a5fb86eed05bd2a6c31081bc'
DEB [20240820-14:20:53.413] thr=1   paramiko.transport: userauth is OK
INF [20240820-14:20:53.671] thr=1   paramiko.transport: Authentication (publickey) failed.
DEB [20240820-14:20:53.671] thr=2   paramiko.transport: Trying SSH agent key b'39e22a5154364ab574aa7670f80a0190'
DEB [20240820-14:20:53.924] thr=1   paramiko.transport: userauth is OK
INF [20240820-14:20:54.182] thr=1   paramiko.transport: Authentication (publickey) failed.
DEB [20240820-14:20:54.537] thr=1   paramiko.transport: userauth is OK
INF [20240820-14:20:58.109] thr=1   paramiko.transport: Authentication (password) failed.
DEB [20240820-14:21:15.520] thr=1   paramiko.transport: starting thread (client mode): 0xd60bcb50
DEB [20240820-14:21:15.521] thr=1   paramiko.transport: Local version/idstring: SSH-2.0-paramiko_3.4.1
DEB [20240820-14:21:15.826] thr=1   paramiko.transport: Remote version/idstring: SSH-2.0-OpenSSH_8.9p1 Ubuntu-3ubuntu0.10
INF [20240820-14:21:15.826] thr=1   paramiko.transport: Connected (version 2.0, client OpenSSH_8.9p1)
DEB [20240820-14:21:16.124] thr=1   paramiko.transport: === Key exchange possibilities ===
DEB [20240820-14:21:16.125] thr=1   paramiko.transport: kex algos: curve25519-sha256, curve25519-sha256@libssh.org, ecdh-sha2-nistp256, ecdh-sha2-nistp384, ecdh-sha2-nistp521, sntrup761x25519-sha512@openssh.com, diffie-hellman-group-exchange-sha256, diffie-hellman-group16-sha512, diffie-hellman-group18-sha512, diffie-hellman-group14-sha256, kex-strict-s-v00@openssh.com
DEB [20240820-14:21:16.125] thr=1   paramiko.transport: server key: rsa-sha2-512, rsa-sha2-256, ecdsa-sha2-nistp256, ssh-ed25519
DEB [20240820-14:21:16.125] thr=1   paramiko.transport: client encrypt: chacha20-poly1305@openssh.com, aes128-ctr, aes192-ctr, aes256-ctr, aes128-gcm@openssh.com, aes256-gcm@openssh.com
DEB [20240820-14:21:16.125] thr=1   paramiko.transport: server encrypt: chacha20-poly1305@openssh.com, aes128-ctr, aes192-ctr, aes256-ctr, aes128-gcm@openssh.com, aes256-gcm@openssh.com
DEB [20240820-14:21:16.125] thr=1   paramiko.transport: client mac: umac-64-etm@openssh.com, umac-128-etm@openssh.com, hmac-sha2-256-etm@openssh.com, hmac-sha2-512-etm@openssh.com, hmac-sha1-etm@openssh.com, umac-64@openssh.com, umac-128@openssh.com, hmac-sha2-256, hmac-sha2-512, hmac-sha1
DEB [20240820-14:21:16.125] thr=1   paramiko.transport: server mac: umac-64-etm@openssh.com, umac-128-etm@openssh.com, hmac-sha2-256-etm@openssh.com, hmac-sha2-512-etm@openssh.com, hmac-sha1-etm@openssh.com, umac-64@openssh.com, umac-128@openssh.com, hmac-sha2-256, hmac-sha2-512, hmac-sha1
DEB [20240820-14:21:16.126] thr=1   paramiko.transport: client compress: none, zlib@openssh.com
DEB [20240820-14:21:16.126] thr=1   paramiko.transport: server compress: none, zlib@openssh.com
DEB [20240820-14:21:16.126] thr=1   paramiko.transport: client lang: <none>
DEB [20240820-14:21:16.126] thr=1   paramiko.transport: server lang: <none>
DEB [20240820-14:21:16.126] thr=1   paramiko.transport: kex follows: False
DEB [20240820-14:21:16.126] thr=1   paramiko.transport: === Key exchange agreements ===
DEB [20240820-14:21:16.126] thr=1   paramiko.transport: Strict kex mode: True
DEB [20240820-14:21:16.126] thr=1   paramiko.transport: Kex: curve25519-sha256@libssh.org
DEB [20240820-14:21:16.126] thr=1   paramiko.transport: HostKey: ssh-ed25519
DEB [20240820-14:21:16.126] thr=1   paramiko.transport: Cipher: aes128-ctr
DEB [20240820-14:21:16.127] thr=1   paramiko.transport: MAC: hmac-sha2-256
DEB [20240820-14:21:16.127] thr=1   paramiko.transport: Compression: none
DEB [20240820-14:21:16.127] thr=1   paramiko.transport: === End of kex handshake ===
DEB [20240820-14:21:16.380] thr=1   paramiko.transport: Resetting outbound seqno after NEWKEYS due to strict mode
DEB [20240820-14:21:16.380] thr=1   paramiko.transport: kex engine KexCurve25519 specified hash_algo <built-in function openssl_sha256>
DEB [20240820-14:21:16.381] thr=1   paramiko.transport: Switch to new keys ...
DEB [20240820-14:21:16.381] thr=1   paramiko.transport: Resetting inbound seqno after NEWKEYS due to strict mode
DEB [20240820-14:21:16.382] thr=1   paramiko.transport: Got EXT_INFO: {'server-sig-algs': b'ssh-ed25519,sk-ssh-ed25519@openssh.com,ssh-rsa,rsa-sha2-256,rsa-sha2-512,ssh-dss,ecdsa-sha2-nistp256,ecdsa-sha2-nistp384,ecdsa-sha2-nistp521,sk-ecdsa-sha2-nistp256@openssh.com,webauthn-sk-ecdsa-sha2-nistp256@openssh.com', 'publickey-hostbound@openssh.com': b'0'}
DEB [20240820-14:21:16.382] thr=2   paramiko.transport: Adding ssh-ed25519 host key for 192.168.10.29: b'47fbd6db0093b39e31e2e005400ceaed'
DEB [20240820-14:21:16.383] thr=2   paramiko.transport: Trying SSH agent key b'df63af67a5fb86eed05bd2a6c31081bc'
DEB [20240820-14:21:16.953] thr=1   paramiko.transport: userauth is OK
INF [20240820-14:21:17.210] thr=1   paramiko.transport: Authentication (publickey) failed.
DEB [20240820-14:21:17.210] thr=2   paramiko.transport: Trying SSH agent key b'39e22a5154364ab574aa7670f80a0190'
DEB [20240820-14:21:17.457] thr=1   paramiko.transport: userauth is OK
INF [20240820-14:21:17.717] thr=1   paramiko.transport: Authentication (publickey) failed.
DEB [20240820-14:21:18.078] thr=1   paramiko.transport: userauth is OK
INF [20240820-14:21:21.630] thr=1   paramiko.transport: Authentication (password) failed.
DEB [20240820-14:24:01.032] thr=1   paramiko.transport: starting thread (client mode): 0xcd16850
DEB [20240820-14:24:01.033] thr=1   paramiko.transport: Local version/idstring: SSH-2.0-paramiko_3.4.1
DEB [20240820-14:24:01.384] thr=1   paramiko.transport: Remote version/idstring: SSH-2.0-OpenSSH_8.9p1 Ubuntu-3ubuntu0.10
INF [20240820-14:24:01.384] thr=1   paramiko.transport: Connected (version 2.0, client OpenSSH_8.9p1)
DEB [20240820-14:24:01.656] thr=1   paramiko.transport: === Key exchange possibilities ===
DEB [20240820-14:24:01.656] thr=1   paramiko.transport: kex algos: curve25519-sha256, curve25519-sha256@libssh.org, ecdh-sha2-nistp256, ecdh-sha2-nistp384, ecdh-sha2-nistp521, sntrup761x25519-sha512@openssh.com, diffie-hellman-group-exchange-sha256, diffie-hellman-group16-sha512, diffie-hellman-group18-sha512, diffie-hellman-group14-sha256, kex-strict-s-v00@openssh.com
DEB [20240820-14:24:01.656] thr=1   paramiko.transport: server key: rsa-sha2-512, rsa-sha2-256, ecdsa-sha2-nistp256, ssh-ed25519
DEB [20240820-14:24:01.656] thr=1   paramiko.transport: client encrypt: chacha20-poly1305@openssh.com, aes128-ctr, aes192-ctr, aes256-ctr, aes128-gcm@openssh.com, aes256-gcm@openssh.com
DEB [20240820-14:24:01.657] thr=1   paramiko.transport: server encrypt: chacha20-poly1305@openssh.com, aes128-ctr, aes192-ctr, aes256-ctr, aes128-gcm@openssh.com, aes256-gcm@openssh.com
DEB [20240820-14:24:01.657] thr=1   paramiko.transport: client mac: umac-64-etm@openssh.com, umac-128-etm@openssh.com, hmac-sha2-256-etm@openssh.com, hmac-sha2-512-etm@openssh.com, hmac-sha1-etm@openssh.com, umac-64@openssh.com, umac-128@openssh.com, hmac-sha2-256, hmac-sha2-512, hmac-sha1
DEB [20240820-14:24:01.657] thr=1   paramiko.transport: server mac: umac-64-etm@openssh.com, umac-128-etm@openssh.com, hmac-sha2-256-etm@openssh.com, hmac-sha2-512-etm@openssh.com, hmac-sha1-etm@openssh.com, umac-64@openssh.com, umac-128@openssh.com, hmac-sha2-256, hmac-sha2-512, hmac-sha1
DEB [20240820-14:24:01.657] thr=1   paramiko.transport: client compress: none, zlib@openssh.com
DEB [20240820-14:24:01.657] thr=1   paramiko.transport: server compress: none, zlib@openssh.com
DEB [20240820-14:24:01.657] thr=1   paramiko.transport: client lang: <none>
DEB [20240820-14:24:01.657] thr=1   paramiko.transport: server lang: <none>
DEB [20240820-14:24:01.657] thr=1   paramiko.transport: kex follows: False
DEB [20240820-14:24:01.657] thr=1   paramiko.transport: === Key exchange agreements ===
DEB [20240820-14:24:01.657] thr=1   paramiko.transport: Strict kex mode: True
DEB [20240820-14:24:01.657] thr=1   paramiko.transport: Kex: curve25519-sha256@libssh.org
DEB [20240820-14:24:01.657] thr=1   paramiko.transport: HostKey: ssh-ed25519
DEB [20240820-14:24:01.657] thr=1   paramiko.transport: Cipher: aes128-ctr
DEB [20240820-14:24:01.657] thr=1   paramiko.transport: MAC: hmac-sha2-256
DEB [20240820-14:24:01.657] thr=1   paramiko.transport: Compression: none
DEB [20240820-14:24:01.657] thr=1   paramiko.transport: === End of kex handshake ===
DEB [20240820-14:24:01.936] thr=1   paramiko.transport: Resetting outbound seqno after NEWKEYS due to strict mode
DEB [20240820-14:24:01.936] thr=1   paramiko.transport: kex engine KexCurve25519 specified hash_algo <built-in function openssl_sha256>
DEB [20240820-14:24:01.936] thr=1   paramiko.transport: Switch to new keys ...
DEB [20240820-14:24:01.936] thr=1   paramiko.transport: Resetting inbound seqno after NEWKEYS due to strict mode
DEB [20240820-14:24:01.937] thr=1   paramiko.transport: Got EXT_INFO: {'server-sig-algs': b'ssh-ed25519,sk-ssh-ed25519@openssh.com,ssh-rsa,rsa-sha2-256,rsa-sha2-512,ssh-dss,ecdsa-sha2-nistp256,ecdsa-sha2-nistp384,ecdsa-sha2-nistp521,sk-ecdsa-sha2-nistp256@openssh.com,webauthn-sk-ecdsa-sha2-nistp256@openssh.com', 'publickey-hostbound@openssh.com': b'0'}
DEB [20240820-14:24:01.937] thr=2   paramiko.transport: Trying SSH agent key b'df63af67a5fb86eed05bd2a6c31081bc'
DEB [20240820-14:24:02.522] thr=1   paramiko.transport: userauth is OK
INF [20240820-14:24:02.788] thr=1   paramiko.transport: Authentication (publickey) failed.
DEB [20240820-14:24:02.788] thr=2   paramiko.transport: Trying SSH agent key b'39e22a5154364ab574aa7670f80a0190'
DEB [20240820-14:24:03.096] thr=1   paramiko.transport: userauth is OK
INF [20240820-14:24:03.352] thr=1   paramiko.transport: Authentication (publickey) failed.
DEB [20240820-14:24:03.724] thr=1   paramiko.transport: userauth is OK
INF [20240820-14:24:05.607] thr=1   paramiko.transport: Authentication (password) failed.
DEB [20240820-14:31:24.724] thr=1   paramiko.transport: starting thread (client mode): 0x235d2790
DEB [20240820-14:31:24.724] thr=1   paramiko.transport: Local version/idstring: SSH-2.0-paramiko_3.4.1
DEB [20240820-14:31:25.031] thr=1   paramiko.transport: Remote version/idstring: SSH-2.0-OpenSSH_8.9p1 Ubuntu-3ubuntu0.10
INF [20240820-14:31:25.031] thr=1   paramiko.transport: Connected (version 2.0, client OpenSSH_8.9p1)
DEB [20240820-14:31:25.275] thr=1   paramiko.transport: === Key exchange possibilities ===
DEB [20240820-14:31:25.275] thr=1   paramiko.transport: kex algos: curve25519-sha256, curve25519-sha256@libssh.org, ecdh-sha2-nistp256, ecdh-sha2-nistp384, ecdh-sha2-nistp521, sntrup761x25519-sha512@openssh.com, diffie-hellman-group-exchange-sha256, diffie-hellman-group16-sha512, diffie-hellman-group18-sha512, diffie-hellman-group14-sha256, kex-strict-s-v00@openssh.com
DEB [20240820-14:31:25.275] thr=1   paramiko.transport: server key: rsa-sha2-512, rsa-sha2-256, ecdsa-sha2-nistp256, ssh-ed25519
DEB [20240820-14:31:25.275] thr=1   paramiko.transport: client encrypt: chacha20-poly1305@openssh.com, aes128-ctr, aes192-ctr, aes256-ctr, aes128-gcm@openssh.com, aes256-gcm@openssh.com
DEB [20240820-14:31:25.275] thr=1   paramiko.transport: server encrypt: chacha20-poly1305@openssh.com, aes128-ctr, aes192-ctr, aes256-ctr, aes128-gcm@openssh.com, aes256-gcm@openssh.com
DEB [20240820-14:31:25.275] thr=1   paramiko.transport: client mac: umac-64-etm@openssh.com, umac-128-etm@openssh.com, hmac-sha2-256-etm@openssh.com, hmac-sha2-512-etm@openssh.com, hmac-sha1-etm@openssh.com, umac-64@openssh.com, umac-128@openssh.com, hmac-sha2-256, hmac-sha2-512, hmac-sha1
DEB [20240820-14:31:25.276] thr=1   paramiko.transport: server mac: umac-64-etm@openssh.com, umac-128-etm@openssh.com, hmac-sha2-256-etm@openssh.com, hmac-sha2-512-etm@openssh.com, hmac-sha1-etm@openssh.com, umac-64@openssh.com, umac-128@openssh.com, hmac-sha2-256, hmac-sha2-512, hmac-sha1
DEB [20240820-14:31:25.276] thr=1   paramiko.transport: client compress: none, zlib@openssh.com
DEB [20240820-14:31:25.276] thr=1   paramiko.transport: server compress: none, zlib@openssh.com
DEB [20240820-14:31:25.276] thr=1   paramiko.transport: client lang: <none>
DEB [20240820-14:31:25.276] thr=1   paramiko.transport: server lang: <none>
DEB [20240820-14:31:25.276] thr=1   paramiko.transport: kex follows: False
DEB [20240820-14:31:25.276] thr=1   paramiko.transport: === Key exchange agreements ===
DEB [20240820-14:31:25.276] thr=1   paramiko.transport: Strict kex mode: True
DEB [20240820-14:31:25.276] thr=1   paramiko.transport: Kex: curve25519-sha256@libssh.org
DEB [20240820-14:31:25.276] thr=1   paramiko.transport: HostKey: ssh-ed25519
DEB [20240820-14:31:25.276] thr=1   paramiko.transport: Cipher: aes128-ctr
DEB [20240820-14:31:25.276] thr=1   paramiko.transport: MAC: hmac-sha2-256
DEB [20240820-14:31:25.276] thr=1   paramiko.transport: Compression: none
DEB [20240820-14:31:25.276] thr=1   paramiko.transport: === End of kex handshake ===
DEB [20240820-14:31:25.571] thr=1   paramiko.transport: Resetting outbound seqno after NEWKEYS due to strict mode
DEB [20240820-14:31:25.571] thr=1   paramiko.transport: kex engine KexCurve25519 specified hash_algo <built-in function openssl_sha256>
DEB [20240820-14:31:25.572] thr=1   paramiko.transport: Switch to new keys ...
DEB [20240820-14:31:25.572] thr=1   paramiko.transport: Resetting inbound seqno after NEWKEYS due to strict mode
DEB [20240820-14:31:25.572] thr=1   paramiko.transport: Got EXT_INFO: {'server-sig-algs': b'ssh-ed25519,sk-ssh-ed25519@openssh.com,ssh-rsa,rsa-sha2-256,rsa-sha2-512,ssh-dss,ecdsa-sha2-nistp256,ecdsa-sha2-nistp384,ecdsa-sha2-nistp521,sk-ecdsa-sha2-nistp256@openssh.com,webauthn-sk-ecdsa-sha2-nistp256@openssh.com', 'publickey-hostbound@openssh.com': b'0'}
DEB [20240820-14:31:25.573] thr=2   paramiko.transport: Trying SSH agent key b'df63af67a5fb86eed05bd2a6c31081bc'
DEB [20240820-14:31:26.159] thr=1   paramiko.transport: userauth is OK
INF [20240820-14:31:26.464] thr=1   paramiko.transport: Authentication (publickey) failed.
DEB [20240820-14:31:26.464] thr=2   paramiko.transport: Trying SSH agent key b'39e22a5154364ab574aa7670f80a0190'
DEB [20240820-14:31:26.709] thr=1   paramiko.transport: userauth is OK
INF [20240820-14:31:26.962] thr=1   paramiko.transport: Authentication (publickey) failed.
DEB [20240820-14:31:27.339] thr=1   paramiko.transport: userauth is OK
INF [20240820-14:31:27.591] thr=1   paramiko.transport: Authentication (password) successful!
DEB [20240820-14:31:27.591] thr=2   paramiko.transport: [chan 0] Max packet in: 32768 bytes
DEB [20240820-14:31:27.836] thr=1   paramiko.transport: Received global request "hostkeys-00@openssh.com"
DEB [20240820-14:31:27.836] thr=1   paramiko.transport: Rejecting "hostkeys-00@openssh.com" global request from server.
DEB [20240820-14:31:28.204] thr=1   paramiko.transport: [chan 0] Max packet out: 32768 bytes
DEB [20240820-14:31:28.204] thr=1   paramiko.transport: Secsh channel 0 opened.
DEB [20240820-14:31:28.449] thr=1   paramiko.transport: [chan 0] Sesch channel 0 request ok
DEB [20240820-14:31:29.535] thr=1   paramiko.transport: [chan 0] EOF received (0)
DEB [20240820-14:31:51.465] thr=1   paramiko.transport: starting thread (client mode): 0x3a2ce250
DEB [20240820-14:31:51.466] thr=1   paramiko.transport: Local version/idstring: SSH-2.0-paramiko_3.4.1
DEB [20240820-14:31:51.784] thr=1   paramiko.transport: Remote version/idstring: SSH-2.0-OpenSSH_8.9p1 Ubuntu-3ubuntu0.10
INF [20240820-14:31:51.784] thr=1   paramiko.transport: Connected (version 2.0, client OpenSSH_8.9p1)
DEB [20240820-14:31:52.029] thr=1   paramiko.transport: === Key exchange possibilities ===
DEB [20240820-14:31:52.029] thr=1   paramiko.transport: kex algos: curve25519-sha256, curve25519-sha256@libssh.org, ecdh-sha2-nistp256, ecdh-sha2-nistp384, ecdh-sha2-nistp521, sntrup761x25519-sha512@openssh.com, diffie-hellman-group-exchange-sha256, diffie-hellman-group16-sha512, diffie-hellman-group18-sha512, diffie-hellman-group14-sha256, kex-strict-s-v00@openssh.com
DEB [20240820-14:31:52.029] thr=1   paramiko.transport: server key: rsa-sha2-512, rsa-sha2-256, ecdsa-sha2-nistp256, ssh-ed25519
DEB [20240820-14:31:52.029] thr=1   paramiko.transport: client encrypt: chacha20-poly1305@openssh.com, aes128-ctr, aes192-ctr, aes256-ctr, aes128-gcm@openssh.com, aes256-gcm@openssh.com
DEB [20240820-14:31:52.029] thr=1   paramiko.transport: server encrypt: chacha20-poly1305@openssh.com, aes128-ctr, aes192-ctr, aes256-ctr, aes128-gcm@openssh.com, aes256-gcm@openssh.com
DEB [20240820-14:31:52.029] thr=1   paramiko.transport: client mac: umac-64-etm@openssh.com, umac-128-etm@openssh.com, hmac-sha2-256-etm@openssh.com, hmac-sha2-512-etm@openssh.com, hmac-sha1-etm@openssh.com, umac-64@openssh.com, umac-128@openssh.com, hmac-sha2-256, hmac-sha2-512, hmac-sha1
DEB [20240820-14:31:52.029] thr=1   paramiko.transport: server mac: umac-64-etm@openssh.com, umac-128-etm@openssh.com, hmac-sha2-256-etm@openssh.com, hmac-sha2-512-etm@openssh.com, hmac-sha1-etm@openssh.com, umac-64@openssh.com, umac-128@openssh.com, hmac-sha2-256, hmac-sha2-512, hmac-sha1
DEB [20240820-14:31:52.029] thr=1   paramiko.transport: client compress: none, zlib@openssh.com
DEB [20240820-14:31:52.029] thr=1   paramiko.transport: server compress: none, zlib@openssh.com
DEB [20240820-14:31:52.029] thr=1   paramiko.transport: client lang: <none>
DEB [20240820-14:31:52.029] thr=1   paramiko.transport: server lang: <none>
DEB [20240820-14:31:52.029] thr=1   paramiko.transport: kex follows: False
DEB [20240820-14:31:52.029] thr=1   paramiko.transport: === Key exchange agreements ===
DEB [20240820-14:31:52.029] thr=1   paramiko.transport: Strict kex mode: True
DEB [20240820-14:31:52.029] thr=1   paramiko.transport: Kex: curve25519-sha256@libssh.org
DEB [20240820-14:31:52.029] thr=1   paramiko.transport: HostKey: ssh-ed25519
DEB [20240820-14:31:52.029] thr=1   paramiko.transport: Cipher: aes128-ctr
DEB [20240820-14:31:52.029] thr=1   paramiko.transport: MAC: hmac-sha2-256
DEB [20240820-14:31:52.030] thr=1   paramiko.transport: Compression: none
DEB [20240820-14:31:52.030] thr=1   paramiko.transport: === End of kex handshake ===
DEB [20240820-14:31:52.327] thr=1   paramiko.transport: Resetting outbound seqno after NEWKEYS due to strict mode
DEB [20240820-14:31:52.327] thr=1   paramiko.transport: kex engine KexCurve25519 specified hash_algo <built-in function openssl_sha256>
DEB [20240820-14:31:52.327] thr=1   paramiko.transport: Switch to new keys ...
DEB [20240820-14:31:52.328] thr=1   paramiko.transport: Resetting inbound seqno after NEWKEYS due to strict mode
DEB [20240820-14:31:52.328] thr=1   paramiko.transport: Got EXT_INFO: {'server-sig-algs': b'ssh-ed25519,sk-ssh-ed25519@openssh.com,ssh-rsa,rsa-sha2-256,rsa-sha2-512,ssh-dss,ecdsa-sha2-nistp256,ecdsa-sha2-nistp384,ecdsa-sha2-nistp521,sk-ecdsa-sha2-nistp256@openssh.com,webauthn-sk-ecdsa-sha2-nistp256@openssh.com', 'publickey-hostbound@openssh.com': b'0'}
DEB [20240820-14:31:52.328] thr=2   paramiko.transport: Trying SSH agent key b'df63af67a5fb86eed05bd2a6c31081bc'
DEB [20240820-14:31:52.941] thr=1   paramiko.transport: userauth is OK
INF [20240820-14:31:53.249] thr=1   paramiko.transport: Authentication (publickey) failed.
DEB [20240820-14:31:53.249] thr=2   paramiko.transport: Trying SSH agent key b'39e22a5154364ab574aa7670f80a0190'
DEB [20240820-14:31:53.556] thr=1   paramiko.transport: userauth is OK
INF [20240820-14:31:53.864] thr=1   paramiko.transport: Authentication (publickey) failed.
DEB [20240820-14:31:54.259] thr=1   paramiko.transport: userauth is OK
INF [20240820-14:31:54.511] thr=1   paramiko.transport: Authentication (password) successful!
DEB [20240820-14:31:54.512] thr=2   paramiko.transport: [chan 0] Max packet in: 32768 bytes
DEB [20240820-14:31:54.787] thr=1   paramiko.transport: Received global request "hostkeys-00@openssh.com"
DEB [20240820-14:31:54.787] thr=1   paramiko.transport: Rejecting "hostkeys-00@openssh.com" global request from server.
DEB [20240820-14:31:55.095] thr=1   paramiko.transport: [chan 0] Max packet out: 32768 bytes
DEB [20240820-14:31:55.095] thr=1   paramiko.transport: Secsh channel 0 opened.
DEB [20240820-14:31:55.403] thr=1   paramiko.transport: [chan 0] Sesch channel 0 request ok
DEB [20240820-14:31:56.423] thr=1   paramiko.transport: [chan 0] EOF received (0)
DEB [20240820-14:31:56.424] thr=1   paramiko.transport: [chan 0] EOF sent (0)
DEB [20240820-14:31:56.424] thr=1   paramiko.transport: EOF in transport thread
DEB [20240820-14:34:15.848] thr=1   paramiko.transport: starting thread (client mode): 0xbcb16850
DEB [20240820-14:34:15.849] thr=1   paramiko.transport: Local version/idstring: SSH-2.0-paramiko_3.4.1
DEB [20240820-14:34:16.122] thr=1   paramiko.transport: Remote version/idstring: SSH-2.0-OpenSSH_8.9p1 Ubuntu-3ubuntu0.10
INF [20240820-14:34:16.122] thr=1   paramiko.transport: Connected (version 2.0, client OpenSSH_8.9p1)
DEB [20240820-14:34:16.429] thr=1   paramiko.transport: === Key exchange possibilities ===
DEB [20240820-14:34:16.429] thr=1   paramiko.transport: kex algos: curve25519-sha256, curve25519-sha256@libssh.org, ecdh-sha2-nistp256, ecdh-sha2-nistp384, ecdh-sha2-nistp521, sntrup761x25519-sha512@openssh.com, diffie-hellman-group-exchange-sha256, diffie-hellman-group16-sha512, diffie-hellman-group18-sha512, diffie-hellman-group14-sha256, kex-strict-s-v00@openssh.com
DEB [20240820-14:34:16.429] thr=1   paramiko.transport: server key: rsa-sha2-512, rsa-sha2-256, ecdsa-sha2-nistp256, ssh-ed25519
DEB [20240820-14:34:16.429] thr=1   paramiko.transport: client encrypt: chacha20-poly1305@openssh.com, aes128-ctr, aes192-ctr, aes256-ctr, aes128-gcm@openssh.com, aes256-gcm@openssh.com
DEB [20240820-14:34:16.429] thr=1   paramiko.transport: server encrypt: chacha20-poly1305@openssh.com, aes128-ctr, aes192-ctr, aes256-ctr, aes128-gcm@openssh.com, aes256-gcm@openssh.com
DEB [20240820-14:34:16.429] thr=1   paramiko.transport: client mac: umac-64-etm@openssh.com, umac-128-etm@openssh.com, hmac-sha2-256-etm@openssh.com, hmac-sha2-512-etm@openssh.com, hmac-sha1-etm@openssh.com, umac-64@openssh.com, umac-128@openssh.com, hmac-sha2-256, hmac-sha2-512, hmac-sha1
DEB [20240820-14:34:16.429] thr=1   paramiko.transport: server mac: umac-64-etm@openssh.com, umac-128-etm@openssh.com, hmac-sha2-256-etm@openssh.com, hmac-sha2-512-etm@openssh.com, hmac-sha1-etm@openssh.com, umac-64@openssh.com, umac-128@openssh.com, hmac-sha2-256, hmac-sha2-512, hmac-sha1
DEB [20240820-14:34:16.429] thr=1   paramiko.transport: client compress: none, zlib@openssh.com
DEB [20240820-14:34:16.429] thr=1   paramiko.transport: server compress: none, zlib@openssh.com
DEB [20240820-14:34:16.429] thr=1   paramiko.transport: client lang: <none>
DEB [20240820-14:34:16.429] thr=1   paramiko.transport: server lang: <none>
DEB [20240820-14:34:16.429] thr=1   paramiko.transport: kex follows: False
DEB [20240820-14:34:16.429] thr=1   paramiko.transport: === Key exchange agreements ===
DEB [20240820-14:34:16.429] thr=1   paramiko.transport: Strict kex mode: True
DEB [20240820-14:34:16.430] thr=1   paramiko.transport: Kex: curve25519-sha256@libssh.org
DEB [20240820-14:34:16.430] thr=1   paramiko.transport: HostKey: ssh-ed25519
DEB [20240820-14:34:16.430] thr=1   paramiko.transport: Cipher: aes128-ctr
DEB [20240820-14:34:16.430] thr=1   paramiko.transport: MAC: hmac-sha2-256
DEB [20240820-14:34:16.430] thr=1   paramiko.transport: Compression: none
DEB [20240820-14:34:16.430] thr=1   paramiko.transport: === End of kex handshake ===
DEB [20240820-14:34:16.680] thr=1   paramiko.transport: Resetting outbound seqno after NEWKEYS due to strict mode
DEB [20240820-14:34:16.680] thr=1   paramiko.transport: kex engine KexCurve25519 specified hash_algo <built-in function openssl_sha256>
DEB [20240820-14:34:16.680] thr=1   paramiko.transport: Switch to new keys ...
DEB [20240820-14:34:16.680] thr=1   paramiko.transport: Resetting inbound seqno after NEWKEYS due to strict mode
DEB [20240820-14:34:16.681] thr=1   paramiko.transport: Got EXT_INFO: {'server-sig-algs': b'ssh-ed25519,sk-ssh-ed25519@openssh.com,ssh-rsa,rsa-sha2-256,rsa-sha2-512,ssh-dss,ecdsa-sha2-nistp256,ecdsa-sha2-nistp384,ecdsa-sha2-nistp521,sk-ecdsa-sha2-nistp256@openssh.com,webauthn-sk-ecdsa-sha2-nistp256@openssh.com', 'publickey-hostbound@openssh.com': b'0'}
DEB [20240820-14:34:16.682] thr=2   paramiko.transport: Trying SSH agent key b'df63af67a5fb86eed05bd2a6c31081bc'
DEB [20240820-14:34:17.248] thr=1   paramiko.transport: userauth is OK
INF [20240820-14:34:17.501] thr=1   paramiko.transport: Authentication (publickey) failed.
DEB [20240820-14:34:17.502] thr=2   paramiko.transport: Trying SSH agent key b'39e22a5154364ab574aa7670f80a0190'
DEB [20240820-14:34:17.759] thr=1   paramiko.transport: userauth is OK
INF [20240820-14:34:18.066] thr=1   paramiko.transport: Authentication (publickey) failed.
DEB [20240820-14:34:18.476] thr=1   paramiko.transport: userauth is OK
INF [20240820-14:34:18.783] thr=1   paramiko.transport: Authentication (password) successful!
DEB [20240820-14:34:18.783] thr=2   paramiko.transport: [chan 0] Max packet in: 32768 bytes
DEB [20240820-14:34:19.089] thr=1   paramiko.transport: Received global request "hostkeys-00@openssh.com"
DEB [20240820-14:34:19.089] thr=1   paramiko.transport: Rejecting "hostkeys-00@openssh.com" global request from server.
DEB [20240820-14:34:19.397] thr=1   paramiko.transport: [chan 0] Max packet out: 32768 bytes
DEB [20240820-14:34:19.397] thr=1   paramiko.transport: Secsh channel 0 opened.
DEB [20240820-14:34:19.641] thr=1   paramiko.transport: [chan 0] Sesch channel 0 request ok
DEB [20240820-14:34:20.714] thr=1   paramiko.transport: [chan 0] EOF received (0)
DEB [20240820-14:34:20.714] thr=2   paramiko.transport: [chan 1] Max packet in: 32768 bytes
DEB [20240820-14:34:20.714] thr=1   paramiko.transport: [chan 0] EOF sent (0)
DEB [20240820-14:34:20.958] thr=1   paramiko.transport: [chan 1] Max packet out: 32768 bytes
DEB [20240820-14:34:20.959] thr=1   paramiko.transport: Secsh channel 1 opened.
DEB [20240820-14:34:21.591] thr=1   paramiko.transport: [chan 1] Sesch channel 1 request ok
DEB [20240820-14:34:21.591] thr=2   paramiko.transport: [chan 1] EOF sent (1)
DEB [20240820-14:34:21.592] thr=2   paramiko.transport: [chan 2] Max packet in: 32768 bytes
DEB [20240820-14:34:21.604] thr=1   paramiko.transport: [chan 1] EOF received (1)
DEB [20240820-14:34:22.160] thr=1   paramiko.transport: [chan 2] Max packet out: 32768 bytes
DEB [20240820-14:34:22.160] thr=1   paramiko.transport: Secsh channel 2 opened.
DEB [20240820-14:34:22.467] thr=1   paramiko.transport: [chan 2] Sesch channel 2 request ok
DEB [20240820-14:34:22.467] thr=2   paramiko.transport: [chan 2] EOF sent (2)
DEB [20240820-14:34:22.468] thr=1   paramiko.transport: [chan 2] EOF received (2)
DEB [20240820-14:34:22.468] thr=2   paramiko.transport: [chan 3] Max packet in: 32768 bytes
DEB [20240820-14:34:23.082] thr=1   paramiko.transport: [chan 3] Max packet out: 32768 bytes
DEB [20240820-14:34:23.082] thr=1   paramiko.transport: Secsh channel 3 opened.
DEB [20240820-14:34:23.388] thr=1   paramiko.transport: [chan 3] Sesch channel 3 request ok
DEB [20240820-14:34:23.388] thr=2   paramiko.transport: [chan 3] EOF sent (3)
DEB [20240820-14:34:23.389] thr=2   paramiko.transport: [chan 4] Max packet in: 32768 bytes
DEB [20240820-14:34:23.389] thr=1   paramiko.transport: [chan 3] EOF received (3)
DEB [20240820-14:34:23.940] thr=1   paramiko.transport: [chan 4] Max packet out: 32768 bytes
DEB [20240820-14:34:23.940] thr=1   paramiko.transport: Secsh channel 4 opened.
DEB [20240820-14:34:24.185] thr=1   paramiko.transport: [chan 4] Sesch channel 4 request ok
DEB [20240820-14:34:24.187] thr=1   paramiko.transport: [chan 4] EOF received (4)
DEB [20240820-14:34:24.187] thr=1   paramiko.transport: EOF in transport thread
DEB [20240820-14:34:42.327] thr=1   paramiko.transport: starting thread (client mode): 0x488ca850
DEB [20240820-14:34:42.327] thr=1   paramiko.transport: Local version/idstring: SSH-2.0-paramiko_3.4.1
DEB [20240820-14:34:42.611] thr=1   paramiko.transport: Remote version/idstring: SSH-2.0-OpenSSH_8.9p1 Ubuntu-3ubuntu0.10
INF [20240820-14:34:42.611] thr=1   paramiko.transport: Connected (version 2.0, client OpenSSH_8.9p1)
DEB [20240820-14:34:42.856] thr=1   paramiko.transport: === Key exchange possibilities ===
DEB [20240820-14:34:42.856] thr=1   paramiko.transport: kex algos: curve25519-sha256, curve25519-sha256@libssh.org, ecdh-sha2-nistp256, ecdh-sha2-nistp384, ecdh-sha2-nistp521, sntrup761x25519-sha512@openssh.com, diffie-hellman-group-exchange-sha256, diffie-hellman-group16-sha512, diffie-hellman-group18-sha512, diffie-hellman-group14-sha256, kex-strict-s-v00@openssh.com
DEB [20240820-14:34:42.856] thr=1   paramiko.transport: server key: rsa-sha2-512, rsa-sha2-256, ecdsa-sha2-nistp256, ssh-ed25519
DEB [20240820-14:34:42.856] thr=1   paramiko.transport: client encrypt: chacha20-poly1305@openssh.com, aes128-ctr, aes192-ctr, aes256-ctr, aes128-gcm@openssh.com, aes256-gcm@openssh.com
DEB [20240820-14:34:42.856] thr=1   paramiko.transport: server encrypt: chacha20-poly1305@openssh.com, aes128-ctr, aes192-ctr, aes256-ctr, aes128-gcm@openssh.com, aes256-gcm@openssh.com
DEB [20240820-14:34:42.856] thr=1   paramiko.transport: client mac: umac-64-etm@openssh.com, umac-128-etm@openssh.com, hmac-sha2-256-etm@openssh.com, hmac-sha2-512-etm@openssh.com, hmac-sha1-etm@openssh.com, umac-64@openssh.com, umac-128@openssh.com, hmac-sha2-256, hmac-sha2-512, hmac-sha1
DEB [20240820-14:34:42.856] thr=1   paramiko.transport: server mac: umac-64-etm@openssh.com, umac-128-etm@openssh.com, hmac-sha2-256-etm@openssh.com, hmac-sha2-512-etm@openssh.com, hmac-sha1-etm@openssh.com, umac-64@openssh.com, umac-128@openssh.com, hmac-sha2-256, hmac-sha2-512, hmac-sha1
DEB [20240820-14:34:42.856] thr=1   paramiko.transport: client compress: none, zlib@openssh.com
DEB [20240820-14:34:42.856] thr=1   paramiko.transport: server compress: none, zlib@openssh.com
DEB [20240820-14:34:42.856] thr=1   paramiko.transport: client lang: <none>
DEB [20240820-14:34:42.856] thr=1   paramiko.transport: server lang: <none>
DEB [20240820-14:34:42.856] thr=1   paramiko.transport: kex follows: False
DEB [20240820-14:34:42.857] thr=1   paramiko.transport: === Key exchange agreements ===
DEB [20240820-14:34:42.857] thr=1   paramiko.transport: Strict kex mode: True
DEB [20240820-14:34:42.857] thr=1   paramiko.transport: Kex: curve25519-sha256@libssh.org
DEB [20240820-14:34:42.857] thr=1   paramiko.transport: HostKey: ssh-ed25519
DEB [20240820-14:34:42.857] thr=1   paramiko.transport: Cipher: aes128-ctr
DEB [20240820-14:34:42.857] thr=1   paramiko.transport: MAC: hmac-sha2-256
DEB [20240820-14:34:42.857] thr=1   paramiko.transport: Compression: none
DEB [20240820-14:34:42.857] thr=1   paramiko.transport: === End of kex handshake ===
DEB [20240820-14:34:43.247] thr=1   paramiko.transport: Resetting outbound seqno after NEWKEYS due to strict mode
DEB [20240820-14:34:43.248] thr=1   paramiko.transport: kex engine KexCurve25519 specified hash_algo <built-in function openssl_sha256>
DEB [20240820-14:34:43.248] thr=1   paramiko.transport: Switch to new keys ...
DEB [20240820-14:34:43.248] thr=1   paramiko.transport: Resetting inbound seqno after NEWKEYS due to strict mode
DEB [20240820-14:34:43.249] thr=1   paramiko.transport: Got EXT_INFO: {'server-sig-algs': b'ssh-ed25519,sk-ssh-ed25519@openssh.com,ssh-rsa,rsa-sha2-256,rsa-sha2-512,ssh-dss,ecdsa-sha2-nistp256,ecdsa-sha2-nistp384,ecdsa-sha2-nistp521,sk-ecdsa-sha2-nistp256@openssh.com,webauthn-sk-ecdsa-sha2-nistp256@openssh.com', 'publickey-hostbound@openssh.com': b'0'}
DEB [20240820-14:34:43.250] thr=2   paramiko.transport: Trying SSH agent key b'df63af67a5fb86eed05bd2a6c31081bc'
DEB [20240820-14:34:43.861] thr=1   paramiko.transport: userauth is OK
INF [20240820-14:34:44.114] thr=1   paramiko.transport: Authentication (publickey) failed.
DEB [20240820-14:34:44.114] thr=2   paramiko.transport: Trying SSH agent key b'39e22a5154364ab574aa7670f80a0190'
DEB [20240820-14:34:44.372] thr=1   paramiko.transport: userauth is OK
INF [20240820-14:34:44.783] thr=1   paramiko.transport: Authentication (publickey) failed.
DEB [20240820-14:34:45.192] thr=1   paramiko.transport: userauth is OK
INF [20240820-14:34:45.500] thr=1   paramiko.transport: Authentication (password) successful!
DEB [20240820-14:34:45.500] thr=2   paramiko.transport: [chan 0] Max packet in: 32768 bytes
DEB [20240820-14:34:45.805] thr=1   paramiko.transport: Received global request "hostkeys-00@openssh.com"
DEB [20240820-14:34:45.805] thr=1   paramiko.transport: Rejecting "hostkeys-00@openssh.com" global request from server.
DEB [20240820-14:34:46.112] thr=1   paramiko.transport: [chan 0] Max packet out: 32768 bytes
DEB [20240820-14:34:46.113] thr=1   paramiko.transport: Secsh channel 0 opened.
DEB [20240820-14:34:46.420] thr=1   paramiko.transport: [chan 0] Sesch channel 0 request ok
DEB [20240820-14:34:47.414] thr=1   paramiko.transport: [chan 0] EOF received (0)
DEB [20240820-14:34:47.414] thr=2   paramiko.transport: [chan 1] Max packet in: 32768 bytes
DEB [20240820-14:34:47.414] thr=1   paramiko.transport: [chan 0] EOF sent (0)
DEB [20240820-14:34:47.659] thr=1   paramiko.transport: [chan 1] Max packet out: 32768 bytes
DEB [20240820-14:34:47.659] thr=1   paramiko.transport: Secsh channel 1 opened.
DEB [20240820-14:34:48.201] thr=1   paramiko.transport: [chan 1] Sesch channel 1 request ok
DEB [20240820-14:34:48.202] thr=2   paramiko.transport: [chan 1] EOF sent (1)
DEB [20240820-14:34:48.202] thr=2   paramiko.transport: [chan 2] Max packet in: 32768 bytes
DEB [20240820-14:34:48.215] thr=1   paramiko.transport: [chan 1] EOF received (1)
DEB [20240820-14:34:48.774] thr=1   paramiko.transport: [chan 2] Max packet out: 32768 bytes
DEB [20240820-14:34:48.774] thr=1   paramiko.transport: Secsh channel 2 opened.
DEB [20240820-14:34:49.019] thr=1   paramiko.transport: [chan 2] Sesch channel 2 request ok
DEB [20240820-14:34:49.019] thr=2   paramiko.transport: [chan 2] EOF sent (2)
DEB [20240820-14:34:49.020] thr=2   paramiko.transport: [chan 3] Max packet in: 32768 bytes
DEB [20240820-14:34:49.022] thr=1   paramiko.transport: [chan 2] EOF received (2)
DEB [20240820-14:34:49.593] thr=1   paramiko.transport: [chan 3] Max packet out: 32768 bytes
DEB [20240820-14:34:49.593] thr=1   paramiko.transport: Secsh channel 3 opened.
DEB [20240820-14:34:49.901] thr=1   paramiko.transport: [chan 3] Sesch channel 3 request ok
DEB [20240820-14:34:49.901] thr=2   paramiko.transport: [chan 3] EOF sent (3)
DEB [20240820-14:34:49.901] thr=2   paramiko.transport: [chan 4] Max packet in: 32768 bytes
DEB [20240820-14:34:49.902] thr=1   paramiko.transport: [chan 3] EOF received (3)
DEB [20240820-14:34:50.517] thr=1   paramiko.transport: [chan 4] Max packet out: 32768 bytes
DEB [20240820-14:34:50.517] thr=1   paramiko.transport: Secsh channel 4 opened.
DEB [20240820-14:34:50.822] thr=1   paramiko.transport: [chan 4] Sesch channel 4 request ok
DEB [20240820-14:34:50.823] thr=1   paramiko.transport: [chan 4] EOF received (4)
DEB [20240820-14:34:50.824] thr=1   paramiko.transport: [chan 4] EOF sent (4)
DEB [20240820-14:34:50.824] thr=1   paramiko.transport: Dropping user packet because connection is dead.
DEB [20240820-14:35:52.057] thr=1   paramiko.transport: starting thread (client mode): 0xc44ea850
DEB [20240820-14:35:52.057] thr=1   paramiko.transport: Local version/idstring: SSH-2.0-paramiko_3.4.1
DEB [20240820-14:35:52.361] thr=1   paramiko.transport: Remote version/idstring: SSH-2.0-OpenSSH_8.9p1 Ubuntu-3ubuntu0.10
INF [20240820-14:35:52.361] thr=1   paramiko.transport: Connected (version 2.0, client OpenSSH_8.9p1)
DEB [20240820-14:35:52.668] thr=1   paramiko.transport: === Key exchange possibilities ===
DEB [20240820-14:35:52.668] thr=1   paramiko.transport: kex algos: curve25519-sha256, curve25519-sha256@libssh.org, ecdh-sha2-nistp256, ecdh-sha2-nistp384, ecdh-sha2-nistp521, sntrup761x25519-sha512@openssh.com, diffie-hellman-group-exchange-sha256, diffie-hellman-group16-sha512, diffie-hellman-group18-sha512, diffie-hellman-group14-sha256, kex-strict-s-v00@openssh.com
DEB [20240820-14:35:52.668] thr=1   paramiko.transport: server key: rsa-sha2-512, rsa-sha2-256, ecdsa-sha2-nistp256, ssh-ed25519
DEB [20240820-14:35:52.668] thr=1   paramiko.transport: client encrypt: chacha20-poly1305@openssh.com, aes128-ctr, aes192-ctr, aes256-ctr, aes128-gcm@openssh.com, aes256-gcm@openssh.com
DEB [20240820-14:35:52.668] thr=1   paramiko.transport: server encrypt: chacha20-poly1305@openssh.com, aes128-ctr, aes192-ctr, aes256-ctr, aes128-gcm@openssh.com, aes256-gcm@openssh.com
DEB [20240820-14:35:52.668] thr=1   paramiko.transport: client mac: umac-64-etm@openssh.com, umac-128-etm@openssh.com, hmac-sha2-256-etm@openssh.com, hmac-sha2-512-etm@openssh.com, hmac-sha1-etm@openssh.com, umac-64@openssh.com, umac-128@openssh.com, hmac-sha2-256, hmac-sha2-512, hmac-sha1
DEB [20240820-14:35:52.668] thr=1   paramiko.transport: server mac: umac-64-etm@openssh.com, umac-128-etm@openssh.com, hmac-sha2-256-etm@openssh.com, hmac-sha2-512-etm@openssh.com, hmac-sha1-etm@openssh.com, umac-64@openssh.com, umac-128@openssh.com, hmac-sha2-256, hmac-sha2-512, hmac-sha1
DEB [20240820-14:35:52.668] thr=1   paramiko.transport: client compress: none, zlib@openssh.com
DEB [20240820-14:35:52.668] thr=1   paramiko.transport: server compress: none, zlib@openssh.com
DEB [20240820-14:35:52.668] thr=1   paramiko.transport: client lang: <none>
DEB [20240820-14:35:52.668] thr=1   paramiko.transport: server lang: <none>
DEB [20240820-14:35:52.668] thr=1   paramiko.transport: kex follows: False
DEB [20240820-14:35:52.668] thr=1   paramiko.transport: === Key exchange agreements ===
DEB [20240820-14:35:52.668] thr=1   paramiko.transport: Strict kex mode: True
DEB [20240820-14:35:52.668] thr=1   paramiko.transport: Kex: curve25519-sha256@libssh.org
DEB [20240820-14:35:52.668] thr=1   paramiko.transport: HostKey: ssh-ed25519
DEB [20240820-14:35:52.668] thr=1   paramiko.transport: Cipher: aes128-ctr
DEB [20240820-14:35:52.668] thr=1   paramiko.transport: MAC: hmac-sha2-256
DEB [20240820-14:35:52.669] thr=1   paramiko.transport: Compression: none
DEB [20240820-14:35:52.669] thr=1   paramiko.transport: === End of kex handshake ===
DEB [20240820-14:35:52.976] thr=1   paramiko.transport: Resetting outbound seqno after NEWKEYS due to strict mode
DEB [20240820-14:35:52.976] thr=1   paramiko.transport: kex engine KexCurve25519 specified hash_algo <built-in function openssl_sha256>
DEB [20240820-14:35:52.977] thr=1   paramiko.transport: Switch to new keys ...
DEB [20240820-14:35:52.977] thr=1   paramiko.transport: Resetting inbound seqno after NEWKEYS due to strict mode
DEB [20240820-14:35:52.977] thr=1   paramiko.transport: Got EXT_INFO: {'server-sig-algs': b'ssh-ed25519,sk-ssh-ed25519@openssh.com,ssh-rsa,rsa-sha2-256,rsa-sha2-512,ssh-dss,ecdsa-sha2-nistp256,ecdsa-sha2-nistp384,ecdsa-sha2-nistp521,sk-ecdsa-sha2-nistp256@openssh.com,webauthn-sk-ecdsa-sha2-nistp256@openssh.com', 'publickey-hostbound@openssh.com': b'0'}
DEB [20240820-14:35:52.978] thr=2   paramiko.transport: Trying SSH agent key b'df63af67a5fb86eed05bd2a6c31081bc'
DEB [20240820-14:35:53.590] thr=1   paramiko.transport: userauth is OK
INF [20240820-14:35:53.897] thr=1   paramiko.transport: Authentication (publickey) failed.
DEB [20240820-14:35:53.897] thr=2   paramiko.transport: Trying SSH agent key b'39e22a5154364ab574aa7670f80a0190'
DEB [20240820-14:35:54.142] thr=1   paramiko.transport: userauth is OK
INF [20240820-14:35:54.409] thr=1   paramiko.transport: Authentication (publickey) failed.
DEB [20240820-14:35:54.775] thr=1   paramiko.transport: userauth is OK
INF [20240820-14:35:55.027] thr=1   paramiko.transport: Authentication (password) successful!
DEB [20240820-14:35:55.027] thr=2   paramiko.transport: [chan 0] Max packet in: 32768 bytes
DEB [20240820-14:35:55.331] thr=1   paramiko.transport: Received global request "hostkeys-00@openssh.com"
DEB [20240820-14:35:55.331] thr=1   paramiko.transport: Rejecting "hostkeys-00@openssh.com" global request from server.
DEB [20240820-14:35:55.616] thr=1   paramiko.transport: [chan 0] Max packet out: 32768 bytes
DEB [20240820-14:35:55.616] thr=1   paramiko.transport: Secsh channel 0 opened.
DEB [20240820-14:35:55.865] thr=1   paramiko.transport: [chan 0] Sesch channel 0 request ok
DEB [20240820-14:35:56.996] thr=1   paramiko.transport: [chan 0] EOF received (0)
DEB [20240820-14:35:56.997] thr=2   paramiko.transport: [chan 1] Max packet in: 32768 bytes
DEB [20240820-14:35:56.997] thr=1   paramiko.transport: [chan 0] EOF sent (0)
DEB [20240820-14:35:57.241] thr=1   paramiko.transport: [chan 1] Max packet out: 32768 bytes
DEB [20240820-14:35:57.241] thr=1   paramiko.transport: Secsh channel 1 opened.
DEB [20240820-14:35:57.893] thr=1   paramiko.transport: [chan 1] Sesch channel 1 request ok
DEB [20240820-14:35:57.894] thr=1   paramiko.transport: [chan 1] EOF received (1)
DEB [20240820-14:35:57.894] thr=2   paramiko.transport: [chan 2] Max packet in: 32768 bytes
DEB [20240820-14:35:57.894] thr=1   paramiko.transport: [chan 1] EOF sent (1)
DEB [20240820-14:35:58.200] thr=1   paramiko.transport: [chan 2] Max packet out: 32768 bytes
DEB [20240820-14:35:58.200] thr=1   paramiko.transport: Secsh channel 2 opened.
DEB [20240820-14:35:58.752] thr=1   paramiko.transport: [chan 2] Sesch channel 2 request ok
DEB [20240820-14:35:58.752] thr=2   paramiko.transport: [chan 2] EOF sent (2)
DEB [20240820-14:35:58.752] thr=2   paramiko.transport: [chan 3] Max packet in: 32768 bytes
DEB [20240820-14:35:58.768] thr=1   paramiko.transport: [chan 2] EOF received (2)
DEB [20240820-14:35:59.327] thr=1   paramiko.transport: [chan 3] Max packet out: 32768 bytes
DEB [20240820-14:35:59.327] thr=1   paramiko.transport: Secsh channel 3 opened.
DEB [20240820-14:35:59.634] thr=1   paramiko.transport: [chan 3] Sesch channel 3 request ok
DEB [20240820-14:35:59.634] thr=2   paramiko.transport: [chan 3] EOF sent (3)
DEB [20240820-14:35:59.634] thr=2   paramiko.transport: [chan 4] Max packet in: 32768 bytes
DEB [20240820-14:35:59.635] thr=1   paramiko.transport: [chan 3] EOF received (3)
DEB [20240820-14:36:00.189] thr=1   paramiko.transport: [chan 4] Max packet out: 32768 bytes
DEB [20240820-14:36:00.189] thr=1   paramiko.transport: Secsh channel 4 opened.
DEB [20240820-14:36:00.454] thr=1   paramiko.transport: [chan 4] Sesch channel 4 request ok
DEB [20240820-14:36:00.454] thr=2   paramiko.transport: [chan 4] EOF sent (4)
DEB [20240820-14:36:00.454] thr=1   paramiko.transport: [chan 4] EOF received (4)
DEB [20240820-14:36:00.454] thr=2   paramiko.transport: [chan 5] Max packet in: 32768 bytes
DEB [20240820-14:36:00.985] thr=1   paramiko.transport: [chan 5] Max packet out: 32768 bytes
DEB [20240820-14:36:00.985] thr=1   paramiko.transport: Secsh channel 5 opened.
DEB [20240820-14:36:01.273] thr=1   paramiko.transport: [chan 5] Sesch channel 5 request ok
DEB [20240820-14:36:01.273] thr=1   paramiko.transport: [chan 5] EOF received (5)
DEB [20240820-14:36:01.274] thr=1   paramiko.transport: EOF in transport thread
DEB [20240820-14:36:36.715] thr=1   paramiko.transport: starting thread (client mode): 0x3e7cc2d0
DEB [20240820-14:36:36.716] thr=1   paramiko.transport: Local version/idstring: SSH-2.0-paramiko_3.4.1
DEB [20240820-14:36:37.023] thr=1   paramiko.transport: Remote version/idstring: SSH-2.0-OpenSSH_8.9p1 Ubuntu-3ubuntu0.10
INF [20240820-14:36:37.023] thr=1   paramiko.transport: Connected (version 2.0, client OpenSSH_8.9p1)
DEB [20240820-14:36:37.329] thr=1   paramiko.transport: === Key exchange possibilities ===
DEB [20240820-14:36:37.330] thr=1   paramiko.transport: kex algos: curve25519-sha256, curve25519-sha256@libssh.org, ecdh-sha2-nistp256, ecdh-sha2-nistp384, ecdh-sha2-nistp521, sntrup761x25519-sha512@openssh.com, diffie-hellman-group-exchange-sha256, diffie-hellman-group16-sha512, diffie-hellman-group18-sha512, diffie-hellman-group14-sha256, kex-strict-s-v00@openssh.com
DEB [20240820-14:36:37.330] thr=1   paramiko.transport: server key: rsa-sha2-512, rsa-sha2-256, ecdsa-sha2-nistp256, ssh-ed25519
DEB [20240820-14:36:37.330] thr=1   paramiko.transport: client encrypt: chacha20-poly1305@openssh.com, aes128-ctr, aes192-ctr, aes256-ctr, aes128-gcm@openssh.com, aes256-gcm@openssh.com
DEB [20240820-14:36:37.330] thr=1   paramiko.transport: server encrypt: chacha20-poly1305@openssh.com, aes128-ctr, aes192-ctr, aes256-ctr, aes128-gcm@openssh.com, aes256-gcm@openssh.com
DEB [20240820-14:36:37.330] thr=1   paramiko.transport: client mac: umac-64-etm@openssh.com, umac-128-etm@openssh.com, hmac-sha2-256-etm@openssh.com, hmac-sha2-512-etm@openssh.com, hmac-sha1-etm@openssh.com, umac-64@openssh.com, umac-128@openssh.com, hmac-sha2-256, hmac-sha2-512, hmac-sha1
DEB [20240820-14:36:37.330] thr=1   paramiko.transport: server mac: umac-64-etm@openssh.com, umac-128-etm@openssh.com, hmac-sha2-256-etm@openssh.com, hmac-sha2-512-etm@openssh.com, hmac-sha1-etm@openssh.com, umac-64@openssh.com, umac-128@openssh.com, hmac-sha2-256, hmac-sha2-512, hmac-sha1
DEB [20240820-14:36:37.330] thr=1   paramiko.transport: client compress: none, zlib@openssh.com
DEB [20240820-14:36:37.330] thr=1   paramiko.transport: server compress: none, zlib@openssh.com
DEB [20240820-14:36:37.330] thr=1   paramiko.transport: client lang: <none>
DEB [20240820-14:36:37.330] thr=1   paramiko.transport: server lang: <none>
DEB [20240820-14:36:37.330] thr=1   paramiko.transport: kex follows: False
DEB [20240820-14:36:37.330] thr=1   paramiko.transport: === Key exchange agreements ===
DEB [20240820-14:36:37.330] thr=1   paramiko.transport: Strict kex mode: True
DEB [20240820-14:36:37.330] thr=1   paramiko.transport: Kex: curve25519-sha256@libssh.org
DEB [20240820-14:36:37.330] thr=1   paramiko.transport: HostKey: ssh-ed25519
DEB [20240820-14:36:37.330] thr=1   paramiko.transport: Cipher: aes128-ctr
DEB [20240820-14:36:37.330] thr=1   paramiko.transport: MAC: hmac-sha2-256
DEB [20240820-14:36:37.330] thr=1   paramiko.transport: Compression: none
DEB [20240820-14:36:37.330] thr=1   paramiko.transport: === End of kex handshake ===
DEB [20240820-14:36:37.700] thr=1   paramiko.transport: Resetting outbound seqno after NEWKEYS due to strict mode
DEB [20240820-14:36:37.700] thr=1   paramiko.transport: kex engine KexCurve25519 specified hash_algo <built-in function openssl_sha256>
DEB [20240820-14:36:37.701] thr=1   paramiko.transport: Switch to new keys ...
DEB [20240820-14:36:37.701] thr=1   paramiko.transport: Resetting inbound seqno after NEWKEYS due to strict mode
DEB [20240820-14:36:37.701] thr=1   paramiko.transport: Got EXT_INFO: {'server-sig-algs': b'ssh-ed25519,sk-ssh-ed25519@openssh.com,ssh-rsa,rsa-sha2-256,rsa-sha2-512,ssh-dss,ecdsa-sha2-nistp256,ecdsa-sha2-nistp384,ecdsa-sha2-nistp521,sk-ecdsa-sha2-nistp256@openssh.com,webauthn-sk-ecdsa-sha2-nistp256@openssh.com', 'publickey-hostbound@openssh.com': b'0'}
DEB [20240820-14:36:37.702] thr=2   paramiko.transport: Trying SSH agent key b'df63af67a5fb86eed05bd2a6c31081bc'
DEB [20240820-14:36:38.233] thr=1   paramiko.transport: userauth is OK
INF [20240820-14:36:38.661] thr=1   paramiko.transport: Authentication (publickey) failed.
DEB [20240820-14:36:38.661] thr=2   paramiko.transport: Trying SSH agent key b'39e22a5154364ab574aa7670f80a0190'
DEB [20240820-14:36:38.968] thr=1   paramiko.transport: userauth is OK
INF [20240820-14:36:39.224] thr=1   paramiko.transport: Authentication (publickey) failed.
DEB [20240820-14:36:39.610] thr=1   paramiko.transport: userauth is OK
INF [20240820-14:36:39.892] thr=1   paramiko.transport: Authentication (password) successful!
DEB [20240820-14:36:39.893] thr=2   paramiko.transport: [chan 0] Max packet in: 32768 bytes
DEB [20240820-14:36:40.197] thr=1   paramiko.transport: Received global request "hostkeys-00@openssh.com"
DEB [20240820-14:36:40.197] thr=1   paramiko.transport: Rejecting "hostkeys-00@openssh.com" global request from server.
DEB [20240820-14:36:40.505] thr=1   paramiko.transport: [chan 0] Max packet out: 32768 bytes
DEB [20240820-14:36:40.505] thr=1   paramiko.transport: Secsh channel 0 opened.
DEB [20240820-14:36:40.750] thr=1   paramiko.transport: [chan 0] Sesch channel 0 request ok
DEB [20240820-14:36:41.796] thr=1   paramiko.transport: [chan 0] EOF received (0)
DEB [20240820-14:36:41.797] thr=2   paramiko.transport: [chan 1] Max packet in: 32768 bytes
DEB [20240820-14:36:41.797] thr=1   paramiko.transport: [chan 0] EOF sent (0)
DEB [20240820-14:36:42.042] thr=1   paramiko.transport: [chan 1] Max packet out: 32768 bytes
DEB [20240820-14:36:42.043] thr=1   paramiko.transport: Secsh channel 1 opened.
DEB [20240820-14:36:42.656] thr=1   paramiko.transport: [chan 1] Sesch channel 1 request ok
DEB [20240820-14:36:42.657] thr=1   paramiko.transport: [chan 1] EOF received (1)
DEB [20240820-14:36:42.657] thr=2   paramiko.transport: [chan 2] Max packet in: 32768 bytes
DEB [20240820-14:36:42.657] thr=1   paramiko.transport: [chan 1] EOF sent (1)
DEB [20240820-14:36:42.920] thr=1   paramiko.transport: [chan 2] Max packet out: 32768 bytes
DEB [20240820-14:36:42.920] thr=1   paramiko.transport: Secsh channel 2 opened.
DEB [20240820-14:36:43.579] thr=1   paramiko.transport: [chan 2] Sesch channel 2 request ok
DEB [20240820-14:36:43.579] thr=1   paramiko.transport: [chan 2] EOF received (2)
DEB [20240820-14:36:43.579] thr=1   paramiko.transport: [chan 2] EOF sent (2)
DEB [20240820-14:36:43.579] thr=2   paramiko.transport: [chan 3] Max packet in: 32768 bytes
DEB [20240820-14:36:44.140] thr=1   paramiko.transport: [chan 3] Max packet out: 32768 bytes
DEB [20240820-14:36:44.140] thr=1   paramiko.transport: Secsh channel 3 opened.
DEB [20240820-14:36:44.397] thr=1   paramiko.transport: [chan 3] Sesch channel 3 request ok
DEB [20240820-14:36:44.397] thr=2   paramiko.transport: [chan 3] EOF sent (3)
DEB [20240820-14:36:44.397] thr=2   paramiko.transport: [chan 4] Max packet in: 32768 bytes
DEB [20240820-14:36:44.399] thr=1   paramiko.transport: [chan 3] EOF received (3)
DEB [20240820-14:36:44.969] thr=1   paramiko.transport: [chan 4] Max packet out: 32768 bytes
DEB [20240820-14:36:44.969] thr=1   paramiko.transport: Secsh channel 4 opened.
DEB [20240820-14:36:45.217] thr=1   paramiko.transport: [chan 4] Sesch channel 4 request ok
DEB [20240820-14:36:45.217] thr=2   paramiko.transport: [chan 4] EOF sent (4)
DEB [20240820-14:36:45.217] thr=2   paramiko.transport: [chan 5] Max packet in: 32768 bytes
DEB [20240820-14:36:45.219] thr=1   paramiko.transport: [chan 4] EOF received (4)
DEB [20240820-14:36:45.772] thr=1   paramiko.transport: [chan 5] Max packet out: 32768 bytes
DEB [20240820-14:36:45.772] thr=1   paramiko.transport: Secsh channel 5 opened.
DEB [20240820-14:36:46.017] thr=1   paramiko.transport: [chan 5] Sesch channel 5 request ok
DEB [20240820-14:36:46.020] thr=1   paramiko.transport: [chan 5] EOF received (5)
DEB [20240820-14:36:46.021] thr=1   paramiko.transport: [chan 5] EOF sent (5)
DEB [20240820-14:36:58.789] thr=1   paramiko.transport: starting thread (client mode): 0xeefcc2d0
DEB [20240820-14:36:58.790] thr=1   paramiko.transport: Local version/idstring: SSH-2.0-paramiko_3.4.1
DEB [20240820-14:36:59.042] thr=1   paramiko.transport: Remote version/idstring: SSH-2.0-OpenSSH_8.9p1 Ubuntu-3ubuntu0.10
INF [20240820-14:36:59.042] thr=1   paramiko.transport: Connected (version 2.0, client OpenSSH_8.9p1)
DEB [20240820-14:36:59.287] thr=1   paramiko.transport: === Key exchange possibilities ===
DEB [20240820-14:36:59.287] thr=1   paramiko.transport: kex algos: curve25519-sha256, curve25519-sha256@libssh.org, ecdh-sha2-nistp256, ecdh-sha2-nistp384, ecdh-sha2-nistp521, sntrup761x25519-sha512@openssh.com, diffie-hellman-group-exchange-sha256, diffie-hellman-group16-sha512, diffie-hellman-group18-sha512, diffie-hellman-group14-sha256, kex-strict-s-v00@openssh.com
DEB [20240820-14:36:59.287] thr=1   paramiko.transport: server key: rsa-sha2-512, rsa-sha2-256, ecdsa-sha2-nistp256, ssh-ed25519
DEB [20240820-14:36:59.287] thr=1   paramiko.transport: client encrypt: chacha20-poly1305@openssh.com, aes128-ctr, aes192-ctr, aes256-ctr, aes128-gcm@openssh.com, aes256-gcm@openssh.com
DEB [20240820-14:36:59.287] thr=1   paramiko.transport: server encrypt: chacha20-poly1305@openssh.com, aes128-ctr, aes192-ctr, aes256-ctr, aes128-gcm@openssh.com, aes256-gcm@openssh.com
DEB [20240820-14:36:59.287] thr=1   paramiko.transport: client mac: umac-64-etm@openssh.com, umac-128-etm@openssh.com, hmac-sha2-256-etm@openssh.com, hmac-sha2-512-etm@openssh.com, hmac-sha1-etm@openssh.com, umac-64@openssh.com, umac-128@openssh.com, hmac-sha2-256, hmac-sha2-512, hmac-sha1
DEB [20240820-14:36:59.287] thr=1   paramiko.transport: server mac: umac-64-etm@openssh.com, umac-128-etm@openssh.com, hmac-sha2-256-etm@openssh.com, hmac-sha2-512-etm@openssh.com, hmac-sha1-etm@openssh.com, umac-64@openssh.com, umac-128@openssh.com, hmac-sha2-256, hmac-sha2-512, hmac-sha1
DEB [20240820-14:36:59.287] thr=1   paramiko.transport: client compress: none, zlib@openssh.com
DEB [20240820-14:36:59.287] thr=1   paramiko.transport: server compress: none, zlib@openssh.com
DEB [20240820-14:36:59.287] thr=1   paramiko.transport: client lang: <none>
DEB [20240820-14:36:59.287] thr=1   paramiko.transport: server lang: <none>
DEB [20240820-14:36:59.287] thr=1   paramiko.transport: kex follows: False
DEB [20240820-14:36:59.287] thr=1   paramiko.transport: === Key exchange agreements ===
DEB [20240820-14:36:59.287] thr=1   paramiko.transport: Strict kex mode: True
DEB [20240820-14:36:59.287] thr=1   paramiko.transport: Kex: curve25519-sha256@libssh.org
DEB [20240820-14:36:59.287] thr=1   paramiko.transport: HostKey: ssh-ed25519
DEB [20240820-14:36:59.287] thr=1   paramiko.transport: Cipher: aes128-ctr
DEB [20240820-14:36:59.287] thr=1   paramiko.transport: MAC: hmac-sha2-256
DEB [20240820-14:36:59.287] thr=1   paramiko.transport: Compression: none
DEB [20240820-14:36:59.288] thr=1   paramiko.transport: === End of kex handshake ===
DEB [20240820-14:36:59.663] thr=1   paramiko.transport: Resetting outbound seqno after NEWKEYS due to strict mode
DEB [20240820-14:36:59.663] thr=1   paramiko.transport: kex engine KexCurve25519 specified hash_algo <built-in function openssl_sha256>
DEB [20240820-14:36:59.663] thr=1   paramiko.transport: Switch to new keys ...
DEB [20240820-14:36:59.664] thr=1   paramiko.transport: Resetting inbound seqno after NEWKEYS due to strict mode
DEB [20240820-14:36:59.664] thr=1   paramiko.transport: Got EXT_INFO: {'server-sig-algs': b'ssh-ed25519,sk-ssh-ed25519@openssh.com,ssh-rsa,rsa-sha2-256,rsa-sha2-512,ssh-dss,ecdsa-sha2-nistp256,ecdsa-sha2-nistp384,ecdsa-sha2-nistp521,sk-ecdsa-sha2-nistp256@openssh.com,webauthn-sk-ecdsa-sha2-nistp256@openssh.com', 'publickey-hostbound@openssh.com': b'0'}
DEB [20240820-14:36:59.665] thr=2   paramiko.transport: Trying SSH agent key b'df63af67a5fb86eed05bd2a6c31081bc'
DEB [20240820-14:37:00.216] thr=1   paramiko.transport: userauth is OK
INF [20240820-14:37:00.477] thr=1   paramiko.transport: Authentication (publickey) failed.
DEB [20240820-14:37:00.477] thr=2   paramiko.transport: Trying SSH agent key b'39e22a5154364ab574aa7670f80a0190'
DEB [20240820-14:37:00.722] thr=1   paramiko.transport: userauth is OK
INF [20240820-14:37:00.989] thr=1   paramiko.transport: Authentication (publickey) failed.
DEB [20240820-14:37:01.399] thr=1   paramiko.transport: userauth is OK
INF [20240820-14:37:01.706] thr=1   paramiko.transport: Authentication (password) successful!
DEB [20240820-14:37:01.706] thr=2   paramiko.transport: [chan 0] Max packet in: 32768 bytes
DEB [20240820-14:37:02.013] thr=1   paramiko.transport: Received global request "hostkeys-00@openssh.com"
DEB [20240820-14:37:02.013] thr=1   paramiko.transport: Rejecting "hostkeys-00@openssh.com" global request from server.
DEB [20240820-14:37:02.299] thr=1   paramiko.transport: [chan 0] Max packet out: 32768 bytes
DEB [20240820-14:37:02.299] thr=1   paramiko.transport: Secsh channel 0 opened.
DEB [20240820-14:37:02.628] thr=1   paramiko.transport: [chan 0] Sesch channel 0 request ok
DEB [20240820-14:37:03.592] thr=1   paramiko.transport: [chan 0] EOF received (0)
DEB [20240820-14:37:03.592] thr=2   paramiko.transport: [chan 1] Max packet in: 32768 bytes
DEB [20240820-14:37:03.592] thr=1   paramiko.transport: [chan 0] EOF sent (0)
DEB [20240820-14:37:03.837] thr=1   paramiko.transport: [chan 1] Max packet out: 32768 bytes
DEB [20240820-14:37:03.837] thr=1   paramiko.transport: Secsh channel 1 opened.
DEB [20240820-14:37:04.473] thr=1   paramiko.transport: [chan 1] Sesch channel 1 request ok
DEB [20240820-14:37:04.473] thr=1   paramiko.transport: [chan 1] EOF received (1)
DEB [20240820-14:37:04.473] thr=2   paramiko.transport: [chan 2] Max packet in: 32768 bytes
DEB [20240820-14:37:04.474] thr=1   paramiko.transport: [chan 1] EOF sent (1)
DEB [20240820-14:37:04.718] thr=1   paramiko.transport: [chan 2] Max packet out: 32768 bytes
DEB [20240820-14:37:04.719] thr=1   paramiko.transport: Secsh channel 2 opened.
DEB [20240820-14:37:05.393] thr=1   paramiko.transport: [chan 2] Sesch channel 2 request ok
DEB [20240820-14:37:05.394] thr=2   paramiko.transport: [chan 2] EOF sent (2)
DEB [20240820-14:37:05.394] thr=1   paramiko.transport: [chan 2] EOF received (2)
DEB [20240820-14:37:05.394] thr=2   paramiko.transport: [chan 3] Max packet in: 32768 bytes
DEB [20240820-14:37:06.008] thr=1   paramiko.transport: [chan 3] Max packet out: 32768 bytes
DEB [20240820-14:37:06.008] thr=1   paramiko.transport: Secsh channel 3 opened.
DEB [20240820-14:37:06.253] thr=1   paramiko.transport: [chan 3] Sesch channel 3 request ok
DEB [20240820-14:37:06.253] thr=2   paramiko.transport: [chan 3] EOF sent (3)
DEB [20240820-14:37:06.253] thr=2   paramiko.transport: [chan 4] Max packet in: 32768 bytes
DEB [20240820-14:37:06.255] thr=1   paramiko.transport: [chan 3] EOF received (3)
DEB [20240820-14:37:06.786] thr=1   paramiko.transport: [chan 4] Max packet out: 32768 bytes
DEB [20240820-14:37:06.787] thr=1   paramiko.transport: Secsh channel 4 opened.
DEB [20240820-14:37:07.032] thr=1   paramiko.transport: [chan 4] Sesch channel 4 request ok
DEB [20240820-14:37:07.032] thr=2   paramiko.transport: [chan 4] EOF sent (4)
DEB [20240820-14:37:07.032] thr=2   paramiko.transport: [chan 5] Max packet in: 32768 bytes
DEB [20240820-14:37:07.033] thr=1   paramiko.transport: [chan 4] EOF received (4)
DEB [20240820-14:37:07.646] thr=1   paramiko.transport: [chan 5] Max packet out: 32768 bytes
DEB [20240820-14:37:07.646] thr=1   paramiko.transport: Secsh channel 5 opened.
DEB [20240820-14:37:07.943] thr=1   paramiko.transport: [chan 5] Sesch channel 5 request ok
DEB [20240820-14:37:07.944] thr=1   paramiko.transport: [chan 5] EOF received (5)
DEB [20240820-14:37:07.944] thr=1   paramiko.transport: EOF in transport thread
DEB [20240820-14:37:33.968] thr=1   paramiko.transport: starting thread (client mode): 0x3afad3d0
DEB [20240820-14:37:33.968] thr=1   paramiko.transport: Local version/idstring: SSH-2.0-paramiko_3.4.1
DEB [20240820-14:37:34.218] thr=1   paramiko.transport: Remote version/idstring: SSH-2.0-OpenSSH_8.9p1 Ubuntu-3ubuntu0.10
INF [20240820-14:37:34.218] thr=1   paramiko.transport: Connected (version 2.0, client OpenSSH_8.9p1)
DEB [20240820-14:37:34.479] thr=1   paramiko.transport: === Key exchange possibilities ===
DEB [20240820-14:37:34.479] thr=1   paramiko.transport: kex algos: curve25519-sha256, curve25519-sha256@libssh.org, ecdh-sha2-nistp256, ecdh-sha2-nistp384, ecdh-sha2-nistp521, sntrup761x25519-sha512@openssh.com, diffie-hellman-group-exchange-sha256, diffie-hellman-group16-sha512, diffie-hellman-group18-sha512, diffie-hellman-group14-sha256, kex-strict-s-v00@openssh.com
DEB [20240820-14:37:34.479] thr=1   paramiko.transport: server key: rsa-sha2-512, rsa-sha2-256, ecdsa-sha2-nistp256, ssh-ed25519
DEB [20240820-14:37:34.479] thr=1   paramiko.transport: client encrypt: chacha20-poly1305@openssh.com, aes128-ctr, aes192-ctr, aes256-ctr, aes128-gcm@openssh.com, aes256-gcm@openssh.com
DEB [20240820-14:37:34.479] thr=1   paramiko.transport: server encrypt: chacha20-poly1305@openssh.com, aes128-ctr, aes192-ctr, aes256-ctr, aes128-gcm@openssh.com, aes256-gcm@openssh.com
DEB [20240820-14:37:34.479] thr=1   paramiko.transport: client mac: umac-64-etm@openssh.com, umac-128-etm@openssh.com, hmac-sha2-256-etm@openssh.com, hmac-sha2-512-etm@openssh.com, hmac-sha1-etm@openssh.com, umac-64@openssh.com, umac-128@openssh.com, hmac-sha2-256, hmac-sha2-512, hmac-sha1
DEB [20240820-14:37:34.479] thr=1   paramiko.transport: server mac: umac-64-etm@openssh.com, umac-128-etm@openssh.com, hmac-sha2-256-etm@openssh.com, hmac-sha2-512-etm@openssh.com, hmac-sha1-etm@openssh.com, umac-64@openssh.com, umac-128@openssh.com, hmac-sha2-256, hmac-sha2-512, hmac-sha1
DEB [20240820-14:37:34.480] thr=1   paramiko.transport: client compress: none, zlib@openssh.com
DEB [20240820-14:37:34.480] thr=1   paramiko.transport: server compress: none, zlib@openssh.com
DEB [20240820-14:37:34.480] thr=1   paramiko.transport: client lang: <none>
DEB [20240820-14:37:34.480] thr=1   paramiko.transport: server lang: <none>
DEB [20240820-14:37:34.480] thr=1   paramiko.transport: kex follows: False
DEB [20240820-14:37:34.480] thr=1   paramiko.transport: === Key exchange agreements ===
DEB [20240820-14:37:34.480] thr=1   paramiko.transport: Strict kex mode: True
DEB [20240820-14:37:34.480] thr=1   paramiko.transport: Kex: curve25519-sha256@libssh.org
DEB [20240820-14:37:34.480] thr=1   paramiko.transport: HostKey: ssh-ed25519
DEB [20240820-14:37:34.480] thr=1   paramiko.transport: Cipher: aes128-ctr
DEB [20240820-14:37:34.480] thr=1   paramiko.transport: MAC: hmac-sha2-256
DEB [20240820-14:37:34.480] thr=1   paramiko.transport: Compression: none
DEB [20240820-14:37:34.480] thr=1   paramiko.transport: === End of kex handshake ===
DEB [20240820-14:37:34.755] thr=1   paramiko.transport: Resetting outbound seqno after NEWKEYS due to strict mode
DEB [20240820-14:37:34.755] thr=1   paramiko.transport: kex engine KexCurve25519 specified hash_algo <built-in function openssl_sha256>
DEB [20240820-14:37:34.755] thr=1   paramiko.transport: Switch to new keys ...
DEB [20240820-14:37:34.755] thr=1   paramiko.transport: Resetting inbound seqno after NEWKEYS due to strict mode
DEB [20240820-14:37:34.756] thr=1   paramiko.transport: Got EXT_INFO: {'server-sig-algs': b'ssh-ed25519,sk-ssh-ed25519@openssh.com,ssh-rsa,rsa-sha2-256,rsa-sha2-512,ssh-dss,ecdsa-sha2-nistp256,ecdsa-sha2-nistp384,ecdsa-sha2-nistp521,sk-ecdsa-sha2-nistp256@openssh.com,webauthn-sk-ecdsa-sha2-nistp256@openssh.com', 'publickey-hostbound@openssh.com': b'0'}
DEB [20240820-14:37:34.756] thr=2   paramiko.transport: Trying SSH agent key b'df63af67a5fb86eed05bd2a6c31081bc'
DEB [20240820-14:37:35.287] thr=1   paramiko.transport: userauth is OK
INF [20240820-14:37:35.601] thr=1   paramiko.transport: Authentication (publickey) failed.
DEB [20240820-14:37:35.601] thr=2   paramiko.transport: Trying SSH agent key b'39e22a5154364ab574aa7670f80a0190'
DEB [20240820-14:37:36.015] thr=1   paramiko.transport: userauth is OK
INF [20240820-14:37:36.269] thr=1   paramiko.transport: Authentication (publickey) failed.
DEB [20240820-14:37:36.638] thr=1   paramiko.transport: userauth is OK
INF [20240820-14:37:36.937] thr=1   paramiko.transport: Authentication (password) successful!
DEB [20240820-14:37:36.937] thr=2   paramiko.transport: [chan 0] Max packet in: 32768 bytes
DEB [20240820-14:37:37.244] thr=1   paramiko.transport: Received global request "hostkeys-00@openssh.com"
DEB [20240820-14:37:37.244] thr=1   paramiko.transport: Rejecting "hostkeys-00@openssh.com" global request from server.
DEB [20240820-14:37:37.551] thr=1   paramiko.transport: [chan 0] Max packet out: 32768 bytes
DEB [20240820-14:37:37.551] thr=1   paramiko.transport: Secsh channel 0 opened.
DEB [20240820-14:37:37.796] thr=1   paramiko.transport: [chan 0] Sesch channel 0 request ok
DEB [20240820-14:37:38.848] thr=1   paramiko.transport: [chan 0] EOF received (0)
DEB [20240820-14:37:38.848] thr=2   paramiko.transport: [chan 1] Max packet in: 32768 bytes
DEB [20240820-14:37:38.849] thr=1   paramiko.transport: [chan 0] EOF sent (0)
DEB [20240820-14:37:39.094] thr=1   paramiko.transport: [chan 1] Max packet out: 32768 bytes
DEB [20240820-14:37:39.094] thr=1   paramiko.transport: Secsh channel 1 opened.
DEB [20240820-14:37:39.703] thr=1   paramiko.transport: [chan 1] Sesch channel 1 request ok
DEB [20240820-14:37:39.703] thr=1   paramiko.transport: [chan 1] EOF received (1)
DEB [20240820-14:37:39.703] thr=2   paramiko.transport: [chan 2] Max packet in: 32768 bytes
DEB [20240820-14:37:39.703] thr=1   paramiko.transport: [chan 1] EOF sent (1)
DEB [20240820-14:37:40.009] thr=1   paramiko.transport: [chan 2] Max packet out: 32768 bytes
DEB [20240820-14:37:40.009] thr=1   paramiko.transport: Secsh channel 2 opened.
DEB [20240820-14:37:40.624] thr=1   paramiko.transport: [chan 2] Sesch channel 2 request ok
DEB [20240820-14:37:40.624] thr=2   paramiko.transport: [chan 2] EOF sent (2)
DEB [20240820-14:37:40.625] thr=1   paramiko.transport: [chan 2] EOF received (2)
DEB [20240820-14:37:40.625] thr=2   paramiko.transport: [chan 3] Max packet in: 32768 bytes
DEB [20240820-14:37:41.238] thr=1   paramiko.transport: [chan 3] Max packet out: 32768 bytes
DEB [20240820-14:37:41.238] thr=1   paramiko.transport: Secsh channel 3 opened.
DEB [20240820-14:37:41.545] thr=1   paramiko.transport: [chan 3] Sesch channel 3 request ok
DEB [20240820-14:37:41.545] thr=2   paramiko.transport: [chan 3] EOF sent (3)
DEB [20240820-14:37:41.546] thr=2   paramiko.transport: [chan 4] Max packet in: 32768 bytes
DEB [20240820-14:37:41.546] thr=1   paramiko.transport: [chan 3] EOF received (3)
DEB [20240820-14:37:42.160] thr=1   paramiko.transport: [chan 4] Max packet out: 32768 bytes
DEB [20240820-14:37:42.160] thr=1   paramiko.transport: Secsh channel 4 opened.
DEB [20240820-14:37:42.467] thr=1   paramiko.transport: [chan 4] Sesch channel 4 request ok
DEB [20240820-14:37:42.467] thr=2   paramiko.transport: [chan 4] EOF sent (4)
DEB [20240820-14:37:42.468] thr=1   paramiko.transport: [chan 4] EOF received (4)
DEB [20240820-14:37:42.468] thr=2   paramiko.transport: [chan 5] Max packet in: 32768 bytes
DEB [20240820-14:37:43.082] thr=1   paramiko.transport: [chan 5] Max packet out: 32768 bytes
DEB [20240820-14:37:43.083] thr=1   paramiko.transport: Secsh channel 5 opened.
DEB [20240820-14:37:43.388] thr=1   paramiko.transport: [chan 5] Sesch channel 5 request ok
DEB [20240820-14:37:43.391] thr=1   paramiko.transport: [chan 5] EOF received (5)
DEB [20240820-14:43:29.461] thr=1   paramiko.transport: starting thread (client mode): 0xf6fa2a10
DEB [20240820-14:43:29.462] thr=1   paramiko.transport: Local version/idstring: SSH-2.0-paramiko_3.4.1
DEB [20240820-14:43:29.697] thr=1   paramiko.transport: Remote version/idstring: SSH-2.0-OpenSSH_8.9p1 Ubuntu-3ubuntu0.10
INF [20240820-14:43:29.697] thr=1   paramiko.transport: Connected (version 2.0, client OpenSSH_8.9p1)
DEB [20240820-14:43:29.928] thr=1   paramiko.transport: === Key exchange possibilities ===
DEB [20240820-14:43:29.928] thr=1   paramiko.transport: kex algos: curve25519-sha256, curve25519-sha256@libssh.org, ecdh-sha2-nistp256, ecdh-sha2-nistp384, ecdh-sha2-nistp521, sntrup761x25519-sha512@openssh.com, diffie-hellman-group-exchange-sha256, diffie-hellman-group16-sha512, diffie-hellman-group18-sha512, diffie-hellman-group14-sha256, kex-strict-s-v00@openssh.com
DEB [20240820-14:43:29.928] thr=1   paramiko.transport: server key: rsa-sha2-512, rsa-sha2-256, ecdsa-sha2-nistp256, ssh-ed25519
DEB [20240820-14:43:29.928] thr=1   paramiko.transport: client encrypt: chacha20-poly1305@openssh.com, aes128-ctr, aes192-ctr, aes256-ctr, aes128-gcm@openssh.com, aes256-gcm@openssh.com
DEB [20240820-14:43:29.928] thr=1   paramiko.transport: server encrypt: chacha20-poly1305@openssh.com, aes128-ctr, aes192-ctr, aes256-ctr, aes128-gcm@openssh.com, aes256-gcm@openssh.com
DEB [20240820-14:43:29.928] thr=1   paramiko.transport: client mac: umac-64-etm@openssh.com, umac-128-etm@openssh.com, hmac-sha2-256-etm@openssh.com, hmac-sha2-512-etm@openssh.com, hmac-sha1-etm@openssh.com, umac-64@openssh.com, umac-128@openssh.com, hmac-sha2-256, hmac-sha2-512, hmac-sha1
DEB [20240820-14:43:29.928] thr=1   paramiko.transport: server mac: umac-64-etm@openssh.com, umac-128-etm@openssh.com, hmac-sha2-256-etm@openssh.com, hmac-sha2-512-etm@openssh.com, hmac-sha1-etm@openssh.com, umac-64@openssh.com, umac-128@openssh.com, hmac-sha2-256, hmac-sha2-512, hmac-sha1
DEB [20240820-14:43:29.928] thr=1   paramiko.transport: client compress: none, zlib@openssh.com
DEB [20240820-14:43:29.929] thr=1   paramiko.transport: server compress: none, zlib@openssh.com
DEB [20240820-14:43:29.929] thr=1   paramiko.transport: client lang: <none>
DEB [20240820-14:43:29.929] thr=1   paramiko.transport: server lang: <none>
DEB [20240820-14:43:29.929] thr=1   paramiko.transport: kex follows: False
DEB [20240820-14:43:29.929] thr=1   paramiko.transport: === Key exchange agreements ===
DEB [20240820-14:43:29.929] thr=1   paramiko.transport: Strict kex mode: True
DEB [20240820-14:43:29.929] thr=1   paramiko.transport: Kex: curve25519-sha256@libssh.org
DEB [20240820-14:43:29.929] thr=1   paramiko.transport: HostKey: ssh-ed25519
DEB [20240820-14:43:29.929] thr=1   paramiko.transport: Cipher: aes128-ctr
DEB [20240820-14:43:29.929] thr=1   paramiko.transport: MAC: hmac-sha2-256
DEB [20240820-14:43:29.929] thr=1   paramiko.transport: Compression: none
DEB [20240820-14:43:29.929] thr=1   paramiko.transport: === End of kex handshake ===
DEB [20240820-14:43:30.237] thr=1   paramiko.transport: Resetting outbound seqno after NEWKEYS due to strict mode
DEB [20240820-14:43:30.237] thr=1   paramiko.transport: kex engine KexCurve25519 specified hash_algo <built-in function openssl_sha256>
DEB [20240820-14:43:30.237] thr=1   paramiko.transport: Switch to new keys ...
DEB [20240820-14:43:30.237] thr=1   paramiko.transport: Resetting inbound seqno after NEWKEYS due to strict mode
DEB [20240820-14:43:30.237] thr=1   paramiko.transport: Got EXT_INFO: {'server-sig-algs': b'ssh-ed25519,sk-ssh-ed25519@openssh.com,ssh-rsa,rsa-sha2-256,rsa-sha2-512,ssh-dss,ecdsa-sha2-nistp256,ecdsa-sha2-nistp384,ecdsa-sha2-nistp521,sk-ecdsa-sha2-nistp256@openssh.com,webauthn-sk-ecdsa-sha2-nistp256@openssh.com', 'publickey-hostbound@openssh.com': b'0'}
DEB [20240820-14:43:30.245] thr=2   paramiko.transport: Trying SSH agent key b'df63af67a5fb86eed05bd2a6c31081bc'
DEB [20240820-14:43:30.748] thr=1   paramiko.transport: userauth is OK
INF [20240820-14:43:31.055] thr=1   paramiko.transport: Authentication (publickey) failed.
DEB [20240820-14:43:31.055] thr=2   paramiko.transport: Trying SSH agent key b'39e22a5154364ab574aa7670f80a0190'
DEB [20240820-14:43:31.362] thr=1   paramiko.transport: userauth is OK
INF [20240820-14:43:31.669] thr=1   paramiko.transport: Authentication (publickey) failed.
DEB [20240820-14:43:32.079] thr=1   paramiko.transport: userauth is OK
INF [20240820-14:43:32.318] thr=1   paramiko.transport: Authentication (password) successful!
DEB [20240820-14:43:32.318] thr=2   paramiko.transport: [chan 0] Max packet in: 32768 bytes
DEB [20240820-14:43:32.591] thr=1   paramiko.transport: Received global request "hostkeys-00@openssh.com"
DEB [20240820-14:43:32.591] thr=1   paramiko.transport: Rejecting "hostkeys-00@openssh.com" global request from server.
DEB [20240820-14:43:32.893] thr=1   paramiko.transport: [chan 0] Max packet out: 32768 bytes
DEB [20240820-14:43:32.893] thr=1   paramiko.transport: Secsh channel 0 opened.
DEB [20240820-14:43:33.206] thr=1   paramiko.transport: [chan 0] Sesch channel 0 request ok
DEB [20240820-14:43:34.200] thr=1   paramiko.transport: [chan 0] EOF received (0)
DEB [20240820-14:43:34.200] thr=2   paramiko.transport: [chan 1] Max packet in: 32768 bytes
DEB [20240820-14:43:34.201] thr=1   paramiko.transport: [chan 0] EOF sent (0)
DEB [20240820-14:43:34.434] thr=1   paramiko.transport: [chan 1] Max packet out: 32768 bytes
DEB [20240820-14:43:34.434] thr=1   paramiko.transport: Secsh channel 1 opened.
DEB [20240820-14:43:34.947] thr=1   paramiko.transport: [chan 1] Sesch channel 1 request ok
DEB [20240820-14:43:34.947] thr=1   paramiko.transport: [chan 1] EOF received (1)
DEB [20240820-14:43:34.947] thr=2   paramiko.transport: [chan 2] Max packet in: 32768 bytes
DEB [20240820-14:43:34.948] thr=1   paramiko.transport: [chan 1] EOF sent (1)
DEB [20240820-14:43:35.253] thr=1   paramiko.transport: [chan 2] Max packet out: 32768 bytes
DEB [20240820-14:43:35.254] thr=1   paramiko.transport: Secsh channel 2 opened.
DEB [20240820-14:43:35.791] thr=1   paramiko.transport: [chan 2] Sesch channel 2 request ok
DEB [20240820-14:43:35.792] thr=2   paramiko.transport: [chan 2] EOF sent (2)
DEB [20240820-14:43:35.792] thr=2   paramiko.transport: [chan 3] Max packet in: 32768 bytes
DEB [20240820-14:43:35.806] thr=1   paramiko.transport: [chan 2] EOF received (2)
DEB [20240820-14:43:36.380] thr=1   paramiko.transport: [chan 3] Max packet out: 32768 bytes
DEB [20240820-14:43:36.380] thr=1   paramiko.transport: Secsh channel 3 opened.
DEB [20240820-14:43:36.633] thr=1   paramiko.transport: [chan 3] Sesch channel 3 request ok
DEB [20240820-14:43:36.633] thr=2   paramiko.transport: [chan 3] EOF sent (3)
DEB [20240820-14:43:36.633] thr=2   paramiko.transport: [chan 4] Max packet in: 32768 bytes
DEB [20240820-14:43:36.633] thr=1   paramiko.transport: [chan 3] EOF received (3)
DEB [20240820-14:43:37.199] thr=1   paramiko.transport: [chan 4] Max packet out: 32768 bytes
DEB [20240820-14:43:37.199] thr=1   paramiko.transport: Secsh channel 4 opened.
DEB [20240820-14:43:37.431] thr=1   paramiko.transport: [chan 4] Sesch channel 4 request ok
DEB [20240820-14:43:37.431] thr=2   paramiko.transport: [chan 4] EOF sent (4)
DEB [20240820-14:43:37.431] thr=2   paramiko.transport: [chan 5] Max packet in: 32768 bytes
DEB [20240820-14:43:37.433] thr=1   paramiko.transport: [chan 4] EOF received (4)
DEB [20240820-14:43:38.018] thr=1   paramiko.transport: [chan 5] Max packet out: 32768 bytes
DEB [20240820-14:43:38.018] thr=1   paramiko.transport: Secsh channel 5 opened.
DEB [20240820-14:43:38.325] thr=1   paramiko.transport: [chan 5] Sesch channel 5 request ok
DEB [20240820-14:43:38.326] thr=1   paramiko.transport: [chan 5] EOF received (5)
DEB [20240820-14:43:38.327] thr=1   paramiko.transport: [chan 5] EOF sent (5)
DEB [20240820-14:43:38.327] thr=1   paramiko.transport: Dropping user packet because connection is dead.
DEB [20240820-14:43:38.327] thr=1   paramiko.transport: Dropping user packet because connection is dead.
